c:\aeromap\lib\jpeg-9a\x64\release\jpeg.pdb
c:\aeromap\lib\jpeg-9a\x64\release\jdarith.obj
c:\aeromap\lib\jpeg-9a\x64\release\jdapistd.obj
c:\aeromap\lib\jpeg-9a\x64\release\jdapimin.obj
c:\aeromap\lib\jpeg-9a\x64\release\jctrans.obj
c:\aeromap\lib\jpeg-9a\x64\release\jcsample.obj
c:\aeromap\lib\jpeg-9a\x64\release\jcprepct.obj
c:\aeromap\lib\jpeg-9a\x64\release\jcparam.obj
c:\aeromap\lib\jpeg-9a\x64\release\jcomapi.obj
c:\aeromap\lib\jpeg-9a\x64\release\jcmaster.obj
c:\aeromap\lib\jpeg-9a\x64\release\jcmarker.obj
c:\aeromap\lib\jpeg-9a\x64\release\jcmainct.obj
c:\aeromap\lib\jpeg-9a\x64\release\jcinit.obj
c:\aeromap\lib\jpeg-9a\x64\release\jchuff.obj
c:\aeromap\lib\jpeg-9a\x64\release\jcdctmgr.obj
c:\aeromap\lib\jpeg-9a\x64\release\jccolor.obj
c:\aeromap\lib\jpeg-9a\x64\release\jccoefct.obj
c:\aeromap\lib\jpeg-9a\x64\release\jcarith.obj
c:\aeromap\lib\jpeg-9a\x64\release\jcapistd.obj
c:\aeromap\lib\jpeg-9a\x64\release\jcapimin.obj
c:\aeromap\lib\jpeg-9a\x64\release\jaricom.obj
c:\aeromap\lib\jpeg-9a\x64\release\jidctfst.obj
c:\aeromap\lib\jpeg-9a\x64\release\jidctflt.obj
c:\aeromap\lib\jpeg-9a\x64\release\jfdctint.obj
c:\aeromap\lib\jpeg-9a\x64\release\jfdctfst.obj
c:\aeromap\lib\jpeg-9a\x64\release\jfdctflt.obj
c:\aeromap\lib\jpeg-9a\x64\release\jerror.obj
c:\aeromap\lib\jpeg-9a\x64\release\jdtrans.obj
c:\aeromap\lib\jpeg-9a\x64\release\jdsample.obj
c:\aeromap\lib\jpeg-9a\x64\release\jdpostct.obj
c:\aeromap\lib\jpeg-9a\x64\release\jdmerge.obj
c:\aeromap\lib\jpeg-9a\x64\release\jdmaster.obj
c:\aeromap\lib\jpeg-9a\x64\release\jdmarker.obj
c:\aeromap\lib\jpeg-9a\x64\release\jdmainct.obj
c:\aeromap\lib\jpeg-9a\x64\release\jdinput.obj
c:\aeromap\lib\jpeg-9a\x64\release\jdhuff.obj
c:\aeromap\lib\jpeg-9a\x64\release\jddctmgr.obj
c:\aeromap\lib\jpeg-9a\x64\release\jdcolor.obj
c:\aeromap\lib\jpeg-9a\x64\release\jdcoefct.obj
c:\aeromap\lib\jpeg-9a\x64\release\jdatasrc.obj
c:\aeromap\lib\jpeg-9a\x64\release\jdatadst.obj
c:\aeromap\lib\jpeg-9a\x64\release\jutils.obj
c:\aeromap\lib\jpeg-9a\x64\release\jquant1.obj
c:\aeromap\lib\jpeg-9a\x64\release\jmemnobs.obj
c:\aeromap\lib\jpeg-9a\x64\release\jmemmgr.obj
c:\aeromap\lib\jpeg-9a\x64\release\jidctint.obj
c:\aeromap\lib\jpeg-9a\x64\release\jquant2.obj
c:\aeromap\lib\jpeg-9a\x64\release\jpeg.lib
c:\aeromap\lib\jpeg-9a\x64\release\jpeg.tlog\cl.command.1.tlog
c:\aeromap\lib\jpeg-9a\x64\release\jpeg.tlog\cl.read.1.tlog
c:\aeromap\lib\jpeg-9a\x64\release\jpeg.tlog\cl.write.1.tlog
c:\aeromap\lib\jpeg-9a\x64\release\jpeg.tlog\lib-link.read.1.tlog
c:\aeromap\lib\jpeg-9a\x64\release\jpeg.tlog\lib-link.write.1.tlog
c:\aeromap\lib\jpeg-9a\x64\release\jpeg.tlog\lib.command.1.tlog
