c:\aeromap\lib\pdal-2.3\x64\debug\pdal.pdb
c:\aeromap\lib\pdal-2.3\x64\debug\pdal.idb
c:\aeromap\lib\pdal-2.3\x64\debug\ferryfilter.obj
c:\aeromap\lib\pdal-2.3\x64\debug\farthestpointsamplingfilter.obj
c:\aeromap\lib\pdal-2.3\x64\debug\facerasterfilter.obj
c:\aeromap\lib\pdal-2.3\x64\debug\estimaterankfilter.obj
c:\aeromap\lib\pdal-2.3\x64\debug\elmfilter.obj
c:\aeromap\lib\pdal-2.3\x64\debug\eigenvaluesfilter.obj
c:\aeromap\lib\pdal-2.3\x64\debug\dividerfilter.obj
c:\aeromap\lib\pdal-2.3\x64\debug\demfilter.obj
c:\aeromap\lib\pdal-2.3\x64\debug\delaunayfilter.obj
c:\aeromap\lib\pdal-2.3\x64\debug\decimationfilter.obj
c:\aeromap\lib\pdal-2.3\x64\debug\dbscanfilter.obj
c:\aeromap\lib\pdal-2.3\x64\debug\csfilter.obj
c:\aeromap\lib\pdal-2.3\x64\debug\cropfilter.obj
c:\aeromap\lib\pdal-2.3\x64\debug\covariancefeaturesfilter.obj
c:\aeromap\lib\pdal-2.3\x64\debug\colorizationfilter.obj
c:\aeromap\lib\pdal-2.3\x64\debug\colorinterpfilter.obj
c:\aeromap\lib\pdal-2.3\x64\debug\clusterfilter.obj
c:\aeromap\lib\pdal-2.3\x64\debug\chipperfilter.obj
c:\aeromap\lib\pdal-2.3\x64\debug\assignfilter.obj
c:\aeromap\lib\pdal-2.3\x64\debug\approximatecoplanarfilter.obj
c:\aeromap\lib\pdal-2.3\x64\debug\mortonorderfilter.obj
c:\aeromap\lib\pdal-2.3\x64\debug\mongoexpressionfilter.obj
c:\aeromap\lib\pdal-2.3\x64\debug\miniballfilter.obj
c:\aeromap\lib\pdal-2.3\x64\debug\mergefilter.obj
c:\aeromap\lib\pdal-2.3\x64\debug\madfilter.obj
c:\aeromap\lib\pdal-2.3\x64\debug\loffilter.obj
c:\aeromap\lib\pdal-2.3\x64\debug\locatefilter.obj
c:\aeromap\lib\pdal-2.3\x64\debug\lloydkmeansfilter.obj
c:\aeromap\lib\pdal-2.3\x64\debug\litreefilter.obj
c:\aeromap\lib\pdal-2.3\x64\debug\iterativeclosestpoint.obj
c:\aeromap\lib\pdal-2.3\x64\debug\iqrfilter.obj
c:\aeromap\lib\pdal-2.3\x64\debug\infofilter.obj
c:\aeromap\lib\pdal-2.3\x64\debug\hexbinfilter.obj
c:\aeromap\lib\pdal-2.3\x64\debug\headfilter.obj
c:\aeromap\lib\pdal-2.3\x64\debug\hagnnfilter.obj
c:\aeromap\lib\pdal-2.3\x64\debug\hagdemfilter.obj
c:\aeromap\lib\pdal-2.3\x64\debug\hagdelaunayfilter.obj
c:\aeromap\lib\pdal-2.3\x64\debug\groupbyfilter.obj
c:\aeromap\lib\pdal-2.3\x64\debug\greedyprojection.obj
c:\aeromap\lib\pdal-2.3\x64\debug\gpstimeconvert.obj
c:\aeromap\lib\pdal-2.3\x64\debug\mathexpression.obj
c:\aeromap\lib\pdal-2.3\x64\debug\lexer.obj
c:\aeromap\lib\pdal-2.3\x64\debug\identexpression.obj
c:\aeromap\lib\pdal-2.3\x64\debug\expression.obj
c:\aeromap\lib\pdal-2.3\x64\debug\conditionalparser.obj
c:\aeromap\lib\pdal-2.3\x64\debug\conditionalexpression.obj
c:\aeromap\lib\pdal-2.3\x64\debug\baseparser.obj
c:\aeromap\lib\pdal-2.3\x64\debug\assignstatement.obj
c:\aeromap\lib\pdal-2.3\x64\debug\assignparser.obj
c:\aeromap\lib\pdal-2.3\x64\debug\dimrange.obj
c:\aeromap\lib\pdal-2.3\x64\debug\delaunator.obj
c:\aeromap\lib\pdal-2.3\x64\debug\poissonfilter.obj
c:\aeromap\lib\pdal-2.3\x64\debug\pmffilter.obj
c:\aeromap\lib\pdal-2.3\x64\debug\planefitfilter.obj
c:\aeromap\lib\pdal-2.3\x64\debug\overlayfilter.obj
c:\aeromap\lib\pdal-2.3\x64\debug\outlierfilter.obj
c:\aeromap\lib\pdal-2.3\x64\debug\optimalneighborhoodfilter.obj
c:\aeromap\lib\pdal-2.3\x64\debug\normalfilter.obj
c:\aeromap\lib\pdal-2.3\x64\debug\nndistancefilter.obj
c:\aeromap\lib\pdal-2.3\x64\debug\neighborclassifierfilter.obj
c:\aeromap\lib\pdal-2.3\x64\debug\skewnessbalancingfilter.obj
c:\aeromap\lib\pdal-2.3\x64\debug\shellfilter.obj
c:\aeromap\lib\pdal-2.3\x64\debug\separatescanlinefilter.obj
c:\aeromap\lib\pdal-2.3\x64\debug\samplefilter.obj
c:\aeromap\lib\pdal-2.3\x64\debug\returnsfilter.obj
c:\aeromap\lib\pdal-2.3\x64\debug\reprojectionfilter.obj
c:\aeromap\lib\pdal-2.3\x64\debug\relaxationdartthrowing.obj
c:\aeromap\lib\pdal-2.3\x64\debug\reciprocityfilter.obj
c:\aeromap\lib\pdal-2.3\x64\debug\rangefilter.obj
c:\aeromap\lib\pdal-2.3\x64\debug\randomizefilter.obj
c:\aeromap\lib\pdal-2.3\x64\debug\radialdensityfilter.obj
c:\aeromap\lib\pdal-2.3\x64\debug\projpipelinefilter.obj
c:\aeromap\lib\pdal-2.3\x64\debug\segmentation.obj
c:\aeromap\lib\pdal-2.3\x64\debug\point.obj
c:\aeromap\lib\pdal-2.3\x64\debug\segment.obj
c:\aeromap\lib\pdal-2.3\x64\debug\processor.obj
c:\aeromap\lib\pdal-2.3\x64\debug\hexerpath.obj
c:\aeromap\lib\pdal-2.3\x64\debug\hexgrid.obj
c:\aeromap\lib\pdal-2.3\x64\debug\hexagon.obj
c:\aeromap\lib\pdal-2.3\x64\debug\mathparser.obj
c:\aeromap\lib\pdal-2.3\x64\debug\gdalwriter.obj
c:\aeromap\lib\pdal-2.3\x64\debug\gdalreader.obj
c:\aeromap\lib\pdal-2.3\x64\debug\fauxreader.obj
c:\aeromap\lib\pdal-2.3\x64\debug\eptreader.obj
c:\aeromap\lib\pdal-2.3\x64\debug\eptaddonwriter.obj
c:\aeromap\lib\pdal-2.3\x64\debug\bpfwriter.obj
c:\aeromap\lib\pdal-2.3\x64\debug\bpfreader.obj
c:\aeromap\lib\pdal-2.3\x64\debug\bpfheader.obj
c:\aeromap\lib\pdal-2.3\x64\debug\bpfcompressor.obj
c:\aeromap\lib\pdal-2.3\x64\debug\zsmoothfilter.obj
c:\aeromap\lib\pdal-2.3\x64\debug\voxeldownsizefilter.obj
c:\aeromap\lib\pdal-2.3\x64\debug\voxelcentroidnearestneighborfilter.obj
c:\aeromap\lib\pdal-2.3\x64\debug\voxelcenternearestneighborfilter.obj
c:\aeromap\lib\pdal-2.3\x64\debug\transformationfilter.obj
c:\aeromap\lib\pdal-2.3\x64\debug\tailfilter.obj
c:\aeromap\lib\pdal-2.3\x64\debug\streamcallbackfilter.obj
c:\aeromap\lib\pdal-2.3\x64\debug\statsfilter.obj
c:\aeromap\lib\pdal-2.3\x64\debug\splitterfilter.obj
c:\aeromap\lib\pdal-2.3\x64\debug\sortfilter.obj
c:\aeromap\lib\pdal-2.3\x64\debug\smrfilter.obj
c:\aeromap\lib\pdal-2.3\x64\debug\connector.obj
c:\aeromap\lib\pdal-2.3\x64\debug\addon.obj
c:\aeromap\lib\pdal-2.3\x64\debug\plywriter.obj
c:\aeromap\lib\pdal-2.3\x64\debug\plyreader.obj
c:\aeromap\lib\pdal-2.3\x64\debug\pcdwriter.obj
c:\aeromap\lib\pdal-2.3\x64\debug\pcdreader.obj
c:\aeromap\lib\pdal-2.3\x64\debug\pcdheader.obj
c:\aeromap\lib\pdal-2.3\x64\debug\optechreader.obj
c:\aeromap\lib\pdal-2.3\x64\debug\ogrwriter.obj
c:\aeromap\lib\pdal-2.3\x64\debug\objreader.obj
c:\aeromap\lib\pdal-2.3\x64\debug\nullwriter.obj
c:\aeromap\lib\pdal-2.3\x64\debug\memoryviewreader.obj
c:\aeromap\lib\pdal-2.3\x64\debug\laswriter.obj
c:\aeromap\lib\pdal-2.3\x64\debug\lasvlr.obj
c:\aeromap\lib\pdal-2.3\x64\debug\lasutils.obj
c:\aeromap\lib\pdal-2.3\x64\debug\lassummarydata.obj
c:\aeromap\lib\pdal-2.3\x64\debug\lasreader.obj
c:\aeromap\lib\pdal-2.3\x64\debug\lasheader.obj
c:\aeromap\lib\pdal-2.3\x64\debug\gltfwriter.obj
c:\aeromap\lib\pdal-2.3\x64\debug\geotiffsupport.obj
c:\aeromap\lib\pdal-2.3\x64\debug\infokernel.obj
c:\aeromap\lib\pdal-2.3\x64\debug\hausdorffkernel.obj
c:\aeromap\lib\pdal-2.3\x64\debug\groundkernel.obj
c:\aeromap\lib\pdal-2.3\x64\debug\evalkernel.obj
c:\aeromap\lib\pdal-2.3\x64\debug\densitykernel.obj
c:\aeromap\lib\pdal-2.3\x64\debug\deltakernel.obj
c:\aeromap\lib\pdal-2.3\x64\debug\chamferkernel.obj
c:\aeromap\lib\pdal-2.3\x64\debug\tindexreader.obj
c:\aeromap\lib\pdal-2.3\x64\debug\textwriter.obj
c:\aeromap\lib\pdal-2.3\x64\debug\textreader.obj
c:\aeromap\lib\pdal-2.3\x64\debug\terrasolidreader.obj
c:\aeromap\lib\pdal-2.3\x64\debug\sbetwriter.obj
c:\aeromap\lib\pdal-2.3\x64\debug\sbetreader.obj
c:\aeromap\lib\pdal-2.3\x64\debug\rasterwriter.obj
c:\aeromap\lib\pdal-2.3\x64\debug\qfitreader.obj
c:\aeromap\lib\pdal-2.3\x64\debug\ptsreader.obj
c:\aeromap\lib\pdal-2.3\x64\debug\gdalgrid.obj
c:\aeromap\lib\pdal-2.3\x64\debug\tilecontents.obj
c:\aeromap\lib\pdal-2.3\x64\debug\fixedpointlayout.obj
c:\aeromap\lib\pdal-2.3\x64\debug\eptinfo.obj
c:\aeromap\lib\pdal-2.3\x64\debug\pdalutils.obj
c:\aeromap\lib\pdal-2.3\x64\debug\options.obj
c:\aeromap\lib\pdal-2.3\x64\debug\metadata.obj
c:\aeromap\lib\pdal-2.3\x64\debug\log.obj
c:\aeromap\lib\pdal-2.3\x64\debug\kernel.obj
c:\aeromap\lib\pdal-2.3\x64\debug\kdindex.obj
c:\aeromap\lib\pdal-2.3\x64\debug\gitsha.obj
c:\aeromap\lib\pdal-2.3\x64\debug\geometry.obj
c:\aeromap\lib\pdal-2.3\x64\debug\filter.obj
c:\aeromap\lib\pdal-2.3\x64\debug\dynamiclibrary.obj
c:\aeromap\lib\pdal-2.3\x64\debug\columnpointtable.obj
c:\aeromap\lib\pdal-2.3\x64\debug\translatekernel.obj
c:\aeromap\lib\pdal-2.3\x64\debug\tindexkernel.obj
c:\aeromap\lib\pdal-2.3\x64\debug\tilekernel.obj
c:\aeromap\lib\pdal-2.3\x64\debug\splitkernel.obj
c:\aeromap\lib\pdal-2.3\x64\debug\sortkernel.obj
c:\aeromap\lib\pdal-2.3\x64\debug\randomkernel.obj
c:\aeromap\lib\pdal-2.3\x64\debug\ogr.obj
c:\aeromap\lib\pdal-2.3\x64\debug\pipelinekernel.obj
c:\aeromap\lib\pdal-2.3\x64\debug\mergekernel.obj
c:\aeromap\lib\pdal-2.3\x64\debug\stagerunner.obj
c:\aeromap\lib\pdal-2.3\x64\debug\srstransform.obj
c:\aeromap\lib\pdal-2.3\x64\debug\raster.obj
c:\aeromap\lib\pdal-2.3\x64\debug\mathutils.obj
c:\aeromap\lib\pdal-2.3\x64\debug\spatialref.obj
c:\aeromap\lib\pdal-2.3\x64\debug\gdalraster.obj
c:\aeromap\lib\pdal-2.3\x64\debug\gdalutils.obj
c:\aeromap\lib\pdal-2.3\x64\debug\errorhandler.obj
c:\aeromap\lib\pdal-2.3\x64\debug\baseband.obj
c:\aeromap\lib\pdal-2.3\x64\debug\polygon.obj
c:\aeromap\lib\pdal-2.3\x64\debug\pointview.obj
c:\aeromap\lib\pdal-2.3\x64\debug\pointtable.obj
c:\aeromap\lib\pdal-2.3\x64\debug\pointlayout.obj
c:\aeromap\lib\pdal-2.3\x64\debug\pluginmanager.obj
c:\aeromap\lib\pdal-2.3\x64\debug\plugindirectory.obj
c:\aeromap\lib\pdal-2.3\x64\debug\pipelinewriter.obj
c:\aeromap\lib\pdal-2.3\x64\debug\pipelinereaderjson.obj
c:\aeromap\lib\pdal-2.3\x64\debug\pipelinemanager.obj
c:\aeromap\lib\pdal-2.3\x64\debug\pipelineexecutor.obj
c:\aeromap\lib\pdal-2.3\x64\debug\pdal_config.obj
c:\aeromap\lib\pdal-2.3\x64\debug\arbiter.obj
c:\aeromap\lib\pdal-2.3\x64\debug\writer.obj
c:\aeromap\lib\pdal-2.3\x64\debug\utils.obj
c:\aeromap\lib\pdal-2.3\x64\debug\threadpool.obj
c:\aeromap\lib\pdal-2.3\x64\debug\random.obj
c:\aeromap\lib\pdal-2.3\x64\debug\georeference.obj
c:\aeromap\lib\pdal-2.3\x64\debug\fileutils.obj
c:\aeromap\lib\pdal-2.3\x64\debug\charbuf.obj
c:\aeromap\lib\pdal-2.3\x64\debug\bounds.obj
c:\aeromap\lib\pdal-2.3\x64\debug\backtrace.obj
c:\aeromap\lib\pdal-2.3\x64\debug\subcommandkernel.obj
c:\aeromap\lib\pdal-2.3\x64\debug\streamable.obj
c:\aeromap\lib\pdal-2.3\x64\debug\stagefactory.obj
c:\aeromap\lib\pdal-2.3\x64\debug\stageextensions.obj
c:\aeromap\lib\pdal-2.3\x64\debug\stage.obj
c:\aeromap\lib\pdal-2.3\x64\debug\srsbounds.obj
c:\aeromap\lib\pdal-2.3\x64\debug\spatialreference.obj
c:\aeromap\lib\pdal-2.3\x64\debug\scaling.obj
c:\aeromap\lib\pdal-2.3\x64\debug\reader.obj
c:\aeromap\lib\pdal-2.3\x64\debug\quadindex.obj
c:\aeromap\lib\pdal-2.3\x64\debug\error_code.obj
c:\aeromap\lib\pdal-2.3\x64\debug\windows_file_codecvt.obj
c:\aeromap\lib\pdal-2.3\x64\debug\utf8_codecvt_facet.obj
c:\aeromap\lib\pdal-2.3\x64\debug\unique_path.obj
c:\aeromap\lib\pdal-2.3\x64\debug\portability.obj
c:\aeromap\lib\pdal-2.3\x64\debug\path_traits.obj
c:\aeromap\lib\pdal-2.3\x64\debug\path.obj
c:\aeromap\lib\pdal-2.3\x64\debug\operations.obj
c:\aeromap\lib\pdal-2.3\x64\debug\codecvt_error_category.obj
c:\aeromap\lib\pdal-2.3\x64\debug\pdal.lib
c:\aeromap\lib\pdal-2.3\\x64\debug\pdal.pdb
c:\aeromap\lib\pdal-2.3\x64\debug\pdal.tlog\cl.command.1.tlog
c:\aeromap\lib\pdal-2.3\x64\debug\pdal.tlog\cl.read.1.tlog
c:\aeromap\lib\pdal-2.3\x64\debug\pdal.tlog\cl.write.1.tlog
c:\aeromap\lib\pdal-2.3\x64\debug\pdal.tlog\lib-link.read.1.tlog
c:\aeromap\lib\pdal-2.3\x64\debug\pdal.tlog\lib-link.write.1.tlog
c:\aeromap\lib\pdal-2.3\x64\debug\pdal.tlog\lib.command.1.tlog
