  ApproximateCoplanarFilter.cpp
  AssignFilter.cpp
  ChipperFilter.cpp
  ClusterFilter.cpp
  ColorinterpFilter.cpp
  ColorizationFilter.cpp
  CovarianceFeaturesFilter.cpp
  CropFilter.cpp
  CSFilter.cpp
  DBSCANFilter.cpp
  DecimationFilter.cpp
  DelaunayFilter.cpp
  DEMFilter.cpp
  DividerFilter.cpp
  EigenvaluesFilter.cpp
  ELMFilter.cpp
  EstimateRankFilter.cpp
  FaceRasterFilter.cpp
  FarthestPointSamplingFilter.cpp
  FerryFilter.cpp
  Generating Code...
  Compiling...
  GpsTimeConvert.cpp
  GreedyProjection.cpp
  GroupByFilter.cpp
  HagDelaunayFilter.cpp
  HagDemFilter.cpp
  HagNnFilter.cpp
  HeadFilter.cpp
  HexBinFilter.cpp
  InfoFilter.cpp
  IQRFilter.cpp
  IterativeClosestPoint.cpp
  LiTreeFilter.cpp
  LloydKMeansFilter.cpp
  LocateFilter.cpp
  LOFFilter.cpp
  MADFilter.cpp
  MergeFilter.cpp
  MiniballFilter.cpp
  MongoExpressionFilter.cpp
  MortonOrderFilter.cpp
  Generating Code...
  Compiling...
  NeighborClassifierFilter.cpp
  NNDistanceFilter.cpp
  NormalFilter.cpp
  OptimalNeighborhoodFilter.cpp
  OutlierFilter.cpp
  OverlayFilter.cpp
  PlaneFitFilter.cpp
  PMFFilter.cpp
  PoissonFilter.cpp
  delaunator.cpp
  DimRange.cpp
  AssignParser.cpp
  AssignStatement.cpp
  BaseParser.cpp
  ConditionalExpression.cpp
  ConditionalParser.cpp
  Expression.cpp
  IdentExpression.cpp
  Lexer.cpp
  MathExpression.cpp
  Generating Code...
  Compiling...
  MathParser.cpp
  Hexagon.cpp
  HexGrid.cpp
  HexerPath.cpp
  Processor.cpp
  Segment.cpp
  Point.cpp
  Segmentation.cpp
  ProjPipelineFilter.cpp
  RadialDensityFilter.cpp
  RandomizeFilter.cpp
  RangeFilter.cpp
  ReciprocityFilter.cpp
  RelaxationDartThrowing.cpp
  ReprojectionFilter.cpp
  ReturnsFilter.cpp
  SampleFilter.cpp
  SeparateScanLineFilter.cpp
  ShellFilter.cpp
  SkewnessBalancingFilter.cpp
  Generating Code...
  Compiling...
  SMRFilter.cpp
  SortFilter.cpp
  SplitterFilter.cpp
  StatsFilter.cpp
  StreamCallbackFilter.cpp
  TailFilter.cpp
  TransformationFilter.cpp
  VoxelCenterNearestNeighborFilter.cpp
  VoxelCentroidNearestNeighborFilter.cpp
  VoxelDownsizeFilter.cpp
  ZsmoothFilter.cpp
  BpfCompressor.cpp
  BpfHeader.cpp
  BpfReader.cpp
  BpfWriter.cpp
  EptAddonWriter.cpp
  EptReader.cpp
  FauxReader.cpp
  GDALReader.cpp
  GDALWriter.cpp
  Generating Code...
  Compiling...
  GeotiffSupport.cpp
  GltfWriter.cpp
  LasHeader.cpp
  LasReader.cpp
  LasSummaryData.cpp
  LasUtils.cpp
  LasVLR.cpp
  LasWriter.cpp
  MemoryViewReader.cpp
  NullWriter.cpp
  ObjReader.cpp
  OGRWriter.cpp
  OptechReader.cpp
  PcdHeader.cpp
  PcdReader.cpp
  PcdWriter.cpp
  PlyReader.cpp
  PlyWriter.cpp
  Addon.cpp
  Connector.cpp
  Generating Code...
  Compiling...
  EptInfo.cpp
  FixedPointLayout.cpp
  TileContents.cpp
  GDALGrid.cpp
  PtsReader.cpp
  QfitReader.cpp
  RasterWriter.cpp
  SbetReader.cpp
  SbetWriter.cpp
  TerrasolidReader.cpp
  TextReader.cpp
  TextWriter.cpp
  TIndexReader.cpp
  ChamferKernel.cpp
  DeltaKernel.cpp
  DensityKernel.cpp
  EvalKernel.cpp
  GroundKernel.cpp
  HausdorffKernel.cpp
  InfoKernel.cpp
  Generating Code...
  Compiling...
  MergeKernel.cpp
  PipelineKernel.cpp
  OGR.cpp
  RandomKernel.cpp
  SortKernel.cpp
  SplitKernel.cpp
  TileKernel.cpp
  TIndexKernel.cpp
  TranslateKernel.cpp
  ColumnPointTable.cpp
  DynamicLibrary.cpp
  Filter.cpp
  Geometry.cpp
  gitsha.cpp
  KDIndex.cpp
C:\AeroMap\Lib\pdal-2.3\pdal\private\KDImpl.h(251,1): warning C4267: 'argument': conversion from 'size_t' to 'const int', possible loss of data
C:\AeroMap\Lib\pdal-2.3\vendor\nanoflann\nanoflann.h(301,1): warning C4267: 'argument': conversion from 'size_t' to 'int', possible loss of data
C:\AeroMap\Lib\pdal-2.3\vendor\nanoflann\nanoflann.h(298): message : while compiling class template member function 'double nanoflann::L2_Simple_Adaptor<double,pdal::KDFlexImpl,double>::evalMetric(const T *,const size_t,size_t) const'
          with
          [
              T=double
          ]
C:\AeroMap\Lib\pdal-2.3\vendor\nanoflann\nanoflann.h(1089): message : see reference to function template instantiation 'double nanoflann::L2_Simple_Adaptor<double,pdal::KDFlexImpl,double>::evalMetric(const T *,const size_t,size_t) const' being compiled
          with
          [
              T=double
          ]
C:\AeroMap\Lib\pdal-2.3\vendor\nanoflann\nanoflann.h(530): message : see reference to class template instantiation 'nanoflann::L2_Simple_Adaptor<double,pdal::KDFlexImpl,double>' being compiled
C:\AeroMap\Lib\pdal-2.3\vendor\nanoflann\nanoflann.h(851): message : see reference to class template instantiation 'nanoflann::KDTreeBaseClass<nanoflann::KDTreeSingleIndexAdaptor<nanoflann::L2_Simple_Adaptor<double,pdal::KDFlexImpl,double>,pdal::KDFlexImpl,-1,size_t>,Distance,DatasetAdaptor,-1,IndexType>' being compiled
          with
          [
              Distance=nanoflann::L2_Simple_Adaptor<double,pdal::KDFlexImpl,double>,
              DatasetAdaptor=pdal::KDFlexImpl,
              IndexType=size_t
          ]
C:\AeroMap\Lib\pdal-2.3\pdal\private\KDImpl.h(380): message : see reference to class template instantiation 'nanoflann::KDTreeSingleIndexAdaptor<nanoflann::L2_Simple_Adaptor<double,pdal::KDFlexImpl,double>,pdal::KDFlexImpl,-1,size_t>' being compiled
  Kernel.cpp
  Log.cpp
  Metadata.cpp
  Options.cpp
  PDALUtils.cpp
  Generating Code...
  Compiling...
  pdal_config.cpp
  PipelineExecutor.cpp
  PipelineManager.cpp
  PipelineReaderJSON.cpp
  PipelineWriter.cpp
  PluginDirectory.cpp
  PluginManager.cpp
  PointLayout.cpp
  PointTable.cpp
  PointView.cpp
  Polygon.cpp
  BaseBand.cpp
  ErrorHandler.cpp
  GDALUtils.cpp
  GdalRaster.cpp
  SpatialRef.cpp
  MathUtils.cpp
  Raster.cpp
  SrsTransform.cpp
  StageRunner.cpp
  Generating Code...
  Compiling...
  QuadIndex.cpp
  Reader.cpp
  Scaling.cpp
  SpatialReference.cpp
  SrsBounds.cpp
  Stage.cpp
  StageExtensions.cpp
  StageFactory.cpp
  Streamable.cpp
  SubcommandKernel.cpp
  Backtrace.cpp
  Bounds.cpp
  Charbuf.cpp
  FileUtils.cpp
  Georeference.cpp
  Random.cpp
  ThreadPool.cpp
  Utils.cpp
  Writer.cpp
  arbiter.cpp
  Generating Code...
  Compiling...
  codecvt_error_category.cpp
  operations.cpp
  path.cpp
  path_traits.cpp
  portability.cpp
  unique_path.cpp
  utf8_codecvt_facet.cpp
  windows_file_codecvt.cpp
  error_code.cpp
  Generating Code...
  pdal.vcxproj -> C:\AeroMap\Lib\pdal-2.3\x64\Debug\pdal.lib
