c:\aeromap\lib\zlib\x64\debug\zlib.pdb
c:\aeromap\lib\zlib\x64\debug\zutil.obj
c:\aeromap\lib\zlib\x64\debug\uncompr.obj
c:\aeromap\lib\zlib\x64\debug\trees.obj
c:\aeromap\lib\zlib\x64\debug\infutil.obj
c:\aeromap\lib\zlib\x64\debug\inftrees.obj
c:\aeromap\lib\zlib\x64\debug\inflate.obj
c:\aeromap\lib\zlib\x64\debug\inffast.obj
c:\aeromap\lib\zlib\x64\debug\infcodes.obj
c:\aeromap\lib\zlib\x64\debug\infblock.obj
c:\aeromap\lib\zlib\x64\debug\gzio.obj
c:\aeromap\lib\zlib\x64\debug\deflate.obj
c:\aeromap\lib\zlib\x64\debug\crc32.obj
c:\aeromap\lib\zlib\x64\debug\compress.obj
c:\aeromap\lib\zlib\x64\debug\adler32.obj
c:\aeromap\lib\zlib\x64\debug\zlib.lib
c:\aeromap\lib\zlib\\x64\debug\zlib.pdb
c:\aeromap\lib\zlib\x64\debug\zlib.tlog\cl.command.1.tlog
c:\aeromap\lib\zlib\x64\debug\zlib.tlog\cl.read.1.tlog
c:\aeromap\lib\zlib\x64\debug\zlib.tlog\cl.write.1.tlog
c:\aeromap\lib\zlib\x64\debug\zlib.tlog\lib-link.read.1.tlog
c:\aeromap\lib\zlib\x64\debug\zlib.tlog\lib-link.write.1.tlog
c:\aeromap\lib\zlib\x64\debug\zlib.tlog\lib.command.1.tlog
