c:\aeromap\lib\proj-7.1.1\build_vs14_x64\src\x64\debug\proj_d.pdb
c:\aeromap\lib\proj-7.1.1\build_vs14_x64\src\x64\debug\inv.obj
c:\aeromap\lib\proj-7.1.1\build_vs14_x64\src\x64\debug\initcache.obj
c:\aeromap\lib\proj-7.1.1\build_vs14_x64\src\x64\debug\init.obj
c:\aeromap\lib\proj-7.1.1\build_vs14_x64\src\x64\debug\generic_inverse.obj
c:\aeromap\lib\proj-7.1.1\build_vs14_x64\src\x64\debug\gauss.obj
c:\aeromap\lib\proj-7.1.1\build_vs14_x64\src\x64\debug\fwd.obj
c:\aeromap\lib\proj-7.1.1\build_vs14_x64\src\x64\debug\fileapi.obj
c:\aeromap\lib\proj-7.1.1\build_vs14_x64\src\x64\debug\factors.obj
c:\aeromap\lib\proj-7.1.1\build_vs14_x64\src\x64\debug\errno.obj
c:\aeromap\lib\proj-7.1.1\build_vs14_x64\src\x64\debug\ellps.obj
c:\aeromap\lib\proj-7.1.1\build_vs14_x64\src\x64\debug\ell_set.obj
c:\aeromap\lib\proj-7.1.1\build_vs14_x64\src\x64\debug\dmstor.obj
c:\aeromap\lib\proj-7.1.1\build_vs14_x64\src\x64\debug\deriv.obj
c:\aeromap\lib\proj-7.1.1\build_vs14_x64\src\x64\debug\datums.obj
c:\aeromap\lib\proj-7.1.1\build_vs14_x64\src\x64\debug\datum_set.obj
c:\aeromap\lib\proj-7.1.1\build_vs14_x64\src\x64\debug\ctx.obj
c:\aeromap\lib\proj-7.1.1\build_vs14_x64\src\x64\debug\auth.obj
c:\aeromap\lib\proj-7.1.1\build_vs14_x64\src\x64\debug\adjlon.obj
c:\aeromap\lib\proj-7.1.1\build_vs14_x64\src\x64\debug\aasincos.obj
c:\aeromap\lib\proj-7.1.1\build_vs14_x64\src\x64\debug\4d_api.obj
c:\aeromap\lib\proj-7.1.1\build_vs14_x64\src\x64\debug\utils.obj
c:\aeromap\lib\proj-7.1.1\build_vs14_x64\src\x64\debug\units.obj
c:\aeromap\lib\proj-7.1.1\build_vs14_x64\src\x64\debug\tsfn.obj
c:\aeromap\lib\proj-7.1.1\build_vs14_x64\src\x64\debug\transform.obj
c:\aeromap\lib\proj-7.1.1\build_vs14_x64\src\x64\debug\strtod.obj
c:\aeromap\lib\proj-7.1.1\build_vs14_x64\src\x64\debug\strerrno.obj
c:\aeromap\lib\proj-7.1.1\build_vs14_x64\src\x64\debug\rtodms.obj
c:\aeromap\lib\proj-7.1.1\build_vs14_x64\src\x64\debug\release.obj
c:\aeromap\lib\proj-7.1.1\build_vs14_x64\src\x64\debug\qsfn.obj
c:\aeromap\lib\proj-7.1.1\build_vs14_x64\src\x64\debug\proj_mdist.obj
c:\aeromap\lib\proj-7.1.1\build_vs14_x64\src\x64\debug\pr_list.obj
c:\aeromap\lib\proj-7.1.1\build_vs14_x64\src\x64\debug\pipeline.obj
c:\aeromap\lib\proj-7.1.1\build_vs14_x64\src\x64\debug\phi2.obj
c:\aeromap\lib\proj-7.1.1\build_vs14_x64\src\x64\debug\param.obj
c:\aeromap\lib\proj-7.1.1\build_vs14_x64\src\x64\debug\mutex.obj
c:\aeromap\lib\proj-7.1.1\build_vs14_x64\src\x64\debug\msfn.obj
c:\aeromap\lib\proj-7.1.1\build_vs14_x64\src\x64\debug\mlfn.obj
c:\aeromap\lib\proj-7.1.1\build_vs14_x64\src\x64\debug\malloc.obj
c:\aeromap\lib\proj-7.1.1\build_vs14_x64\src\x64\debug\log.obj
c:\aeromap\lib\proj-7.1.1\build_vs14_x64\src\x64\debug\list.obj
c:\aeromap\lib\proj-7.1.1\build_vs14_x64\src\x64\debug\gnom.obj
c:\aeromap\lib\proj-7.1.1\build_vs14_x64\src\x64\debug\adams.obj
c:\aeromap\lib\proj-7.1.1\build_vs14_x64\src\x64\debug\aeqd.obj
c:\aeromap\lib\proj-7.1.1\build_vs14_x64\src\x64\debug\unitconvert.obj
c:\aeromap\lib\proj-7.1.1\build_vs14_x64\src\x64\debug\set.obj
c:\aeromap\lib\proj-7.1.1\build_vs14_x64\src\x64\debug\noop.obj
c:\aeromap\lib\proj-7.1.1\build_vs14_x64\src\x64\debug\geocent.obj
c:\aeromap\lib\proj-7.1.1\build_vs14_x64\src\x64\debug\geoc.obj
c:\aeromap\lib\proj-7.1.1\build_vs14_x64\src\x64\debug\cart.obj
c:\aeromap\lib\proj-7.1.1\build_vs14_x64\src\x64\debug\axisswap.obj
c:\aeromap\lib\proj-7.1.1\build_vs14_x64\src\x64\debug\sqlite3_utils.obj
c:\aeromap\lib\proj-7.1.1\build_vs14_x64\src\x64\debug\networkfilemanager.obj
c:\aeromap\lib\proj-7.1.1\build_vs14_x64\src\x64\debug\filemanager.obj
c:\aeromap\lib\proj-7.1.1\build_vs14_x64\src\x64\debug\grids.obj
c:\aeromap\lib\proj-7.1.1\build_vs14_x64\src\x64\debug\tracing.obj
c:\aeromap\lib\proj-7.1.1\build_vs14_x64\src\x64\debug\proj_json_streaming_writer.obj
c:\aeromap\lib\proj-7.1.1\build_vs14_x64\src\x64\debug\zpoly1.obj
c:\aeromap\lib\proj-7.1.1\build_vs14_x64\src\x64\debug\wkt_parser.obj
c:\aeromap\lib\proj-7.1.1\build_vs14_x64\src\x64\debug\wkt2_parser.obj
c:\aeromap\lib\proj-7.1.1\build_vs14_x64\src\x64\debug\wkt1_parser.obj
c:\aeromap\lib\proj-7.1.1\build_vs14_x64\src\x64\debug\rouss.obj
c:\aeromap\lib\proj-7.1.1\build_vs14_x64\src\x64\debug\sconics.obj
c:\aeromap\lib\proj-7.1.1\build_vs14_x64\src\x64\debug\rpoly.obj
c:\aeromap\lib\proj-7.1.1\build_vs14_x64\src\x64\debug\poly.obj
c:\aeromap\lib\proj-7.1.1\build_vs14_x64\src\x64\debug\lcc.obj
c:\aeromap\lib\proj-7.1.1\build_vs14_x64\src\x64\debug\krovak.obj
c:\aeromap\lib\proj-7.1.1\build_vs14_x64\src\x64\debug\imw_p.obj
c:\aeromap\lib\proj-7.1.1\build_vs14_x64\src\x64\debug\ccon.obj
c:\aeromap\lib\proj-7.1.1\build_vs14_x64\src\x64\debug\isea.obj
c:\aeromap\lib\proj-7.1.1\build_vs14_x64\src\x64\debug\eqdc.obj
c:\aeromap\lib\proj-7.1.1\build_vs14_x64\src\x64\debug\bonne.obj
c:\aeromap\lib\proj-7.1.1\build_vs14_x64\src\x64\debug\bipc.obj
c:\aeromap\lib\proj-7.1.1\build_vs14_x64\src\x64\debug\aea.obj
c:\aeromap\lib\proj-7.1.1\build_vs14_x64\src\x64\debug\sterea.obj
c:\aeromap\lib\proj-7.1.1\build_vs14_x64\src\x64\debug\stere.obj
c:\aeromap\lib\proj-7.1.1\build_vs14_x64\src\x64\debug\ortho.obj
c:\aeromap\lib\proj-7.1.1\build_vs14_x64\src\x64\debug\nzmg.obj
c:\aeromap\lib\proj-7.1.1\build_vs14_x64\src\x64\debug\nsper.obj
c:\aeromap\lib\proj-7.1.1\build_vs14_x64\src\x64\debug\mod_ster.obj
c:\aeromap\lib\proj-7.1.1\build_vs14_x64\src\x64\debug\laea.obj
c:\aeromap\lib\proj-7.1.1\build_vs14_x64\src\x64\debug\aitoff.obj
c:\aeromap\lib\proj-7.1.1\build_vs14_x64\src\x64\debug\airy.obj
c:\aeromap\lib\proj-7.1.1\build_vs14_x64\src\x64\debug\tobmerc.obj
c:\aeromap\lib\proj-7.1.1\build_vs14_x64\src\x64\debug\tmerc.obj
c:\aeromap\lib\proj-7.1.1\build_vs14_x64\src\x64\debug\times.obj
c:\aeromap\lib\proj-7.1.1\build_vs14_x64\src\x64\debug\tcea.obj
c:\aeromap\lib\proj-7.1.1\build_vs14_x64\src\x64\debug\tcc.obj
c:\aeromap\lib\proj-7.1.1\build_vs14_x64\src\x64\debug\somerc.obj
c:\aeromap\lib\proj-7.1.1\build_vs14_x64\src\x64\debug\omerc.obj
c:\aeromap\lib\proj-7.1.1\build_vs14_x64\src\x64\debug\ocea.obj
c:\aeromap\lib\proj-7.1.1\build_vs14_x64\src\x64\debug\mill.obj
c:\aeromap\lib\proj-7.1.1\build_vs14_x64\src\x64\debug\merc.obj
c:\aeromap\lib\proj-7.1.1\build_vs14_x64\src\x64\debug\misrsom.obj
c:\aeromap\lib\proj-7.1.1\build_vs14_x64\src\x64\debug\lsat.obj
c:\aeromap\lib\proj-7.1.1\build_vs14_x64\src\x64\debug\labrd.obj
c:\aeromap\lib\proj-7.1.1\build_vs14_x64\src\x64\debug\gall.obj
c:\aeromap\lib\proj-7.1.1\build_vs14_x64\src\x64\debug\eqc.obj
c:\aeromap\lib\proj-7.1.1\build_vs14_x64\src\x64\debug\cea.obj
c:\aeromap\lib\proj-7.1.1\build_vs14_x64\src\x64\debug\cc.obj
c:\aeromap\lib\proj-7.1.1\build_vs14_x64\src\x64\debug\cass.obj
c:\aeromap\lib\proj-7.1.1\build_vs14_x64\src\x64\debug\boggs.obj
c:\aeromap\lib\proj-7.1.1\build_vs14_x64\src\x64\debug\geos.obj
c:\aeromap\lib\proj-7.1.1\build_vs14_x64\src\x64\debug\lcca.obj
c:\aeromap\lib\proj-7.1.1\build_vs14_x64\src\x64\debug\wag7.obj
c:\aeromap\lib\proj-7.1.1\build_vs14_x64\src\x64\debug\vandg4.obj
c:\aeromap\lib\proj-7.1.1\build_vs14_x64\src\x64\debug\vandg2.obj
c:\aeromap\lib\proj-7.1.1\build_vs14_x64\src\x64\debug\vandg.obj
c:\aeromap\lib\proj-7.1.1\build_vs14_x64\src\x64\debug\tpeqd.obj
c:\aeromap\lib\proj-7.1.1\build_vs14_x64\src\x64\debug\oea.obj
c:\aeromap\lib\proj-7.1.1\build_vs14_x64\src\x64\debug\ob_tran.obj
c:\aeromap\lib\proj-7.1.1\build_vs14_x64\src\x64\debug\nicol.obj
c:\aeromap\lib\proj-7.1.1\build_vs14_x64\src\x64\debug\latlong.obj
c:\aeromap\lib\proj-7.1.1\build_vs14_x64\src\x64\debug\lask.obj
c:\aeromap\lib\proj-7.1.1\build_vs14_x64\src\x64\debug\larr.obj
c:\aeromap\lib\proj-7.1.1\build_vs14_x64\src\x64\debug\lagrng.obj
c:\aeromap\lib\proj-7.1.1\build_vs14_x64\src\x64\debug\hammer.obj
c:\aeromap\lib\proj-7.1.1\build_vs14_x64\src\x64\debug\chamb.obj
c:\aeromap\lib\proj-7.1.1\build_vs14_x64\src\x64\debug\bertin1953.obj
c:\aeromap\lib\proj-7.1.1\build_vs14_x64\src\x64\debug\bacon.obj
c:\aeromap\lib\proj-7.1.1\build_vs14_x64\src\x64\debug\august.obj
c:\aeromap\lib\proj-7.1.1\build_vs14_x64\src\x64\debug\mbt_fps.obj
c:\aeromap\lib\proj-7.1.1\build_vs14_x64\src\x64\debug\loxim.obj
c:\aeromap\lib\proj-7.1.1\build_vs14_x64\src\x64\debug\hatano.obj
c:\aeromap\lib\proj-7.1.1\build_vs14_x64\src\x64\debug\igh_o.obj
c:\aeromap\lib\proj-7.1.1\build_vs14_x64\src\x64\debug\igh.obj
c:\aeromap\lib\proj-7.1.1\build_vs14_x64\src\x64\debug\goode.obj
c:\aeromap\lib\proj-7.1.1\build_vs14_x64\src\x64\debug\gn_sinu.obj
c:\aeromap\lib\proj-7.1.1\build_vs14_x64\src\x64\debug\gstmerc.obj
c:\aeromap\lib\proj-7.1.1\build_vs14_x64\src\x64\debug\gins8.obj
c:\aeromap\lib\proj-7.1.1\build_vs14_x64\src\x64\debug\fouc_s.obj
c:\aeromap\lib\proj-7.1.1\build_vs14_x64\src\x64\debug\fahey.obj
c:\aeromap\lib\proj-7.1.1\build_vs14_x64\src\x64\debug\eck5.obj
c:\aeromap\lib\proj-7.1.1\build_vs14_x64\src\x64\debug\eck4.obj
c:\aeromap\lib\proj-7.1.1\build_vs14_x64\src\x64\debug\eck3.obj
c:\aeromap\lib\proj-7.1.1\build_vs14_x64\src\x64\debug\eck2.obj
c:\aeromap\lib\proj-7.1.1\build_vs14_x64\src\x64\debug\eck1.obj
c:\aeromap\lib\proj-7.1.1\build_vs14_x64\src\x64\debug\denoy.obj
c:\aeromap\lib\proj-7.1.1\build_vs14_x64\src\x64\debug\crast.obj
c:\aeromap\lib\proj-7.1.1\build_vs14_x64\src\x64\debug\comill.obj
c:\aeromap\lib\proj-7.1.1\build_vs14_x64\src\x64\debug\collg.obj
c:\aeromap\lib\proj-7.1.1\build_vs14_x64\src\x64\debug\wink1.obj
c:\aeromap\lib\proj-7.1.1\build_vs14_x64\src\x64\debug\wag3.obj
c:\aeromap\lib\proj-7.1.1\build_vs14_x64\src\x64\debug\wag2.obj
c:\aeromap\lib\proj-7.1.1\build_vs14_x64\src\x64\debug\urmfps.obj
c:\aeromap\lib\proj-7.1.1\build_vs14_x64\src\x64\debug\urm5.obj
c:\aeromap\lib\proj-7.1.1\build_vs14_x64\src\x64\debug\sts.obj
c:\aeromap\lib\proj-7.1.1\build_vs14_x64\src\x64\debug\sch.obj
c:\aeromap\lib\proj-7.1.1\build_vs14_x64\src\x64\debug\robin.obj
c:\aeromap\lib\proj-7.1.1\build_vs14_x64\src\x64\debug\qsc.obj
c:\aeromap\lib\proj-7.1.1\build_vs14_x64\src\x64\debug\putp6.obj
c:\aeromap\lib\proj-7.1.1\build_vs14_x64\src\x64\debug\putp5.obj
c:\aeromap\lib\proj-7.1.1\build_vs14_x64\src\x64\debug\putp4p.obj
c:\aeromap\lib\proj-7.1.1\build_vs14_x64\src\x64\debug\putp3.obj
c:\aeromap\lib\proj-7.1.1\build_vs14_x64\src\x64\debug\putp2.obj
c:\aeromap\lib\proj-7.1.1\build_vs14_x64\src\x64\debug\patterson.obj
c:\aeromap\lib\proj-7.1.1\build_vs14_x64\src\x64\debug\nell_h.obj
c:\aeromap\lib\proj-7.1.1\build_vs14_x64\src\x64\debug\nell.obj
c:\aeromap\lib\proj-7.1.1\build_vs14_x64\src\x64\debug\moll.obj
c:\aeromap\lib\proj-7.1.1\build_vs14_x64\src\x64\debug\mbtfpq.obj
c:\aeromap\lib\proj-7.1.1\build_vs14_x64\src\x64\debug\mbtfpp.obj
c:\aeromap\lib\proj-7.1.1\build_vs14_x64\src\x64\debug\crs.obj
c:\aeromap\lib\proj-7.1.1\build_vs14_x64\src\x64\debug\common.obj
c:\aeromap\lib\proj-7.1.1\build_vs14_x64\src\x64\debug\metadata.obj
c:\aeromap\lib\proj-7.1.1\build_vs14_x64\src\x64\debug\util.obj
c:\aeromap\lib\proj-7.1.1\build_vs14_x64\src\x64\debug\static.obj
c:\aeromap\lib\proj-7.1.1\build_vs14_x64\src\x64\debug\defmodel.obj
c:\aeromap\lib\proj-7.1.1\build_vs14_x64\src\x64\debug\xyzgridshift.obj
c:\aeromap\lib\proj-7.1.1\build_vs14_x64\src\x64\debug\vgridshift.obj
c:\aeromap\lib\proj-7.1.1\build_vs14_x64\src\x64\debug\molodensky.obj
c:\aeromap\lib\proj-7.1.1\build_vs14_x64\src\x64\debug\horner.obj
c:\aeromap\lib\proj-7.1.1\build_vs14_x64\src\x64\debug\hgridshift.obj
c:\aeromap\lib\proj-7.1.1\build_vs14_x64\src\x64\debug\helmert.obj
c:\aeromap\lib\proj-7.1.1\build_vs14_x64\src\x64\debug\deformation.obj
c:\aeromap\lib\proj-7.1.1\build_vs14_x64\src\x64\debug\affine.obj
c:\aeromap\lib\proj-7.1.1\build_vs14_x64\src\x64\debug\eqearth.obj
c:\aeromap\lib\proj-7.1.1\build_vs14_x64\src\x64\debug\calcofi.obj
c:\aeromap\lib\proj-7.1.1\build_vs14_x64\src\x64\debug\natearth2.obj
c:\aeromap\lib\proj-7.1.1\build_vs14_x64\src\x64\debug\natearth.obj
c:\aeromap\lib\proj-7.1.1\build_vs14_x64\src\x64\debug\healpix.obj
c:\aeromap\lib\proj-7.1.1\build_vs14_x64\src\x64\debug\wink2.obj
c:\aeromap\lib\proj-7.1.1\build_vs14_x64\src\x64\debug\c_api.obj
c:\aeromap\lib\proj-7.1.1\build_vs14_x64\src\x64\debug\factory.obj
c:\aeromap\lib\proj-7.1.1\build_vs14_x64\src\x64\debug\io.obj
c:\aeromap\lib\proj-7.1.1\build_vs14_x64\src\x64\debug\coordinateoperation.obj
c:\aeromap\lib\proj-7.1.1\build_vs14_x64\src\x64\debug\coordinatesystem.obj
c:\aeromap\lib\proj-7.1.1\build_vs14_x64\src\x64\debug\datum.obj
c:\aeromap\lib\proj-7.1.1\build_vs14_x64\src\x64\debug\wkt2_generated_parser.obj
c:\aeromap\lib\proj-7.1.1\build_vs14_x64\src\x64\debug\wkt1_generated_parser.obj
c:\aeromap\lib\proj-7.1.1\build_vs14_x64\src\x64\debug\geodesic.obj
c:\aeromap\lib\proj-7.1.1\build_vs14_x64\src\x64\debug\internal.cpp.obj
c:\aeromap\lib\proj-7.1.1\build_vs14_x64\src\x64\debug\iso19111\internal.cpp.obj
c:\aeromap\lib\proj-7.1.1\build_vs14_x64\src\x64\debug\proj_d.lib
c:\aeromap\lib\proj-7.1.1\build_vs14_x64\src\x64\debug\proj.tlog\cl.command.1.tlog
c:\aeromap\lib\proj-7.1.1\build_vs14_x64\src\x64\debug\proj.tlog\cl.read.1.tlog
c:\aeromap\lib\proj-7.1.1\build_vs14_x64\src\x64\debug\proj.tlog\cl.write.1.tlog
c:\aeromap\lib\proj-7.1.1\build_vs14_x64\src\x64\debug\proj.tlog\lib-link.read.1.tlog
c:\aeromap\lib\proj-7.1.1\build_vs14_x64\src\x64\debug\proj.tlog\lib-link.write.1.tlog
c:\aeromap\lib\proj-7.1.1\build_vs14_x64\src\x64\debug\proj.tlog\lib.command.1.tlog
