c:\aeromap\lib\tiff-4.7.0\libtiff\debug\tiffd.pdb
c:\aeromap\lib\tiff-4.7.0\libtiff\tiff.dir\debug\tif_jpeg_12.obj
c:\aeromap\lib\tiff-4.7.0\libtiff\tiff.dir\debug\tif_jpeg.obj
c:\aeromap\lib\tiff-4.7.0\libtiff\tiff.dir\debug\tif_jbig.obj
c:\aeromap\lib\tiff-4.7.0\libtiff\tiff.dir\debug\tif_hash_set.obj
c:\aeromap\lib\tiff-4.7.0\libtiff\tiff.dir\debug\tif_getimage.obj
c:\aeromap\lib\tiff-4.7.0\libtiff\tiff.dir\debug\tif_flush.obj
c:\aeromap\lib\tiff-4.7.0\libtiff\tiff.dir\debug\tif_fax3sm.obj
c:\aeromap\lib\tiff-4.7.0\libtiff\tiff.dir\debug\tif_fax3.obj
c:\aeromap\lib\tiff-4.7.0\libtiff\tiff.dir\debug\tif_extension.obj
c:\aeromap\lib\tiff-4.7.0\libtiff\tiff.dir\debug\tif_error.obj
c:\aeromap\lib\tiff-4.7.0\libtiff\tiff.dir\debug\tif_dumpmode.obj
c:\aeromap\lib\tiff-4.7.0\libtiff\tiff.dir\debug\tif_dirwrite.obj
c:\aeromap\lib\tiff-4.7.0\libtiff\tiff.dir\debug\tif_dirread.obj
c:\aeromap\lib\tiff-4.7.0\libtiff\tiff.dir\debug\tif_dirinfo.obj
c:\aeromap\lib\tiff-4.7.0\libtiff\tiff.dir\debug\tif_dir.obj
c:\aeromap\lib\tiff-4.7.0\libtiff\tiff.dir\debug\tif_compress.obj
c:\aeromap\lib\tiff-4.7.0\libtiff\tiff.dir\debug\tif_color.obj
c:\aeromap\lib\tiff-4.7.0\libtiff\tiff.dir\debug\tif_codec.obj
c:\aeromap\lib\tiff-4.7.0\libtiff\tiff.dir\debug\tif_close.obj
c:\aeromap\lib\tiff-4.7.0\libtiff\tiff.dir\debug\tif_aux.obj
c:\aeromap\lib\tiff-4.7.0\libtiff\tiff.dir\debug\tif_zip.obj
c:\aeromap\lib\tiff-4.7.0\libtiff\tiff.dir\debug\tif_write.obj
c:\aeromap\lib\tiff-4.7.0\libtiff\tiff.dir\debug\tif_webp.obj
c:\aeromap\lib\tiff-4.7.0\libtiff\tiff.dir\debug\tif_warning.obj
c:\aeromap\lib\tiff-4.7.0\libtiff\tiff.dir\debug\tif_version.obj
c:\aeromap\lib\tiff-4.7.0\libtiff\tiff.dir\debug\tif_tile.obj
c:\aeromap\lib\tiff-4.7.0\libtiff\tiff.dir\debug\tif_thunder.obj
c:\aeromap\lib\tiff-4.7.0\libtiff\tiff.dir\debug\tif_swab.obj
c:\aeromap\lib\tiff-4.7.0\libtiff\tiff.dir\debug\tif_strip.obj
c:\aeromap\lib\tiff-4.7.0\libtiff\tiff.dir\debug\tif_read.obj
c:\aeromap\lib\tiff-4.7.0\libtiff\tiff.dir\debug\tif_print.obj
c:\aeromap\lib\tiff-4.7.0\libtiff\tiff.dir\debug\tif_predict.obj
c:\aeromap\lib\tiff-4.7.0\libtiff\tiff.dir\debug\tif_pixarlog.obj
c:\aeromap\lib\tiff-4.7.0\libtiff\tiff.dir\debug\tif_packbits.obj
c:\aeromap\lib\tiff-4.7.0\libtiff\tiff.dir\debug\tif_ojpeg.obj
c:\aeromap\lib\tiff-4.7.0\libtiff\tiff.dir\debug\tif_next.obj
c:\aeromap\lib\tiff-4.7.0\libtiff\tiff.dir\debug\tif_lzw.obj
c:\aeromap\lib\tiff-4.7.0\libtiff\tiff.dir\debug\tif_lzma.obj
c:\aeromap\lib\tiff-4.7.0\libtiff\tiff.dir\debug\tif_luv.obj
c:\aeromap\lib\tiff-4.7.0\libtiff\tiff.dir\debug\tif_lerc.obj
c:\aeromap\lib\tiff-4.7.0\libtiff\tiff.dir\debug\tif_zstd.obj
c:\aeromap\lib\tiff-4.7.0\libtiff\tiff.dir\debug\tif_win32.obj
c:\aeromap\lib\tiff-4.7.0\libtiff\tiff.dir\debug\tif_open.obj
c:\aeromap\lib\tiff-4.7.0\libtiff\debug\tiffd.lib
c:\aeromap\lib\tiff-4.7.0\libtiff\tiff.dir\debug\tif_win32_versioninfo.res
c:\aeromap\lib\tiff-4.7.0\libtiff\tiff.dir\debug\tiff.tlog\cl.command.1.tlog
c:\aeromap\lib\tiff-4.7.0\libtiff\tiff.dir\debug\tiff.tlog\cl.read.1.tlog
c:\aeromap\lib\tiff-4.7.0\libtiff\tiff.dir\debug\tiff.tlog\cl.write.1.tlog
c:\aeromap\lib\tiff-4.7.0\libtiff\tiff.dir\debug\tiff.tlog\lib-link-cvtres.read.1.tlog
c:\aeromap\lib\tiff-4.7.0\libtiff\tiff.dir\debug\tiff.tlog\lib-link-cvtres.write.1.tlog
c:\aeromap\lib\tiff-4.7.0\libtiff\tiff.dir\debug\tiff.tlog\lib.command.1.tlog
c:\aeromap\lib\tiff-4.7.0\libtiff\tiff.dir\debug\tiff.tlog\rc.command.1.tlog
c:\aeromap\lib\tiff-4.7.0\libtiff\tiff.dir\debug\tiff.tlog\rc.read.1.tlog
c:\aeromap\lib\tiff-4.7.0\libtiff\tiff.dir\debug\tiff.tlog\rc.write.1.tlog
