c:\aeromap\lib\libpng-1.6.20\x64\debug\libpng.bsc
c:\aeromap\lib\libpng-1.6.20\x64\debug\libpng.pdb
c:\aeromap\lib\libpng-1.6.20\x64\debug\png.sbr
c:\aeromap\lib\libpng-1.6.20\x64\debug\pngerror.sbr
c:\aeromap\lib\libpng-1.6.20\x64\debug\pngget.sbr
c:\aeromap\lib\libpng-1.6.20\x64\debug\pngmem.sbr
c:\aeromap\lib\libpng-1.6.20\x64\debug\pngpread.sbr
c:\aeromap\lib\libpng-1.6.20\x64\debug\pngread.sbr
c:\aeromap\lib\libpng-1.6.20\x64\debug\pngrio.sbr
c:\aeromap\lib\libpng-1.6.20\x64\debug\pngrtran.sbr
c:\aeromap\lib\libpng-1.6.20\x64\debug\pngrutil.sbr
c:\aeromap\lib\libpng-1.6.20\x64\debug\pngset.sbr
c:\aeromap\lib\libpng-1.6.20\x64\debug\pngtrans.sbr
c:\aeromap\lib\libpng-1.6.20\x64\debug\pngwio.sbr
c:\aeromap\lib\libpng-1.6.20\x64\debug\pngwrite.sbr
c:\aeromap\lib\libpng-1.6.20\x64\debug\pngwtran.sbr
c:\aeromap\lib\libpng-1.6.20\x64\debug\pngwutil.sbr
c:\aeromap\lib\libpng-1.6.20\x64\debug\pngwutil.obj
c:\aeromap\lib\libpng-1.6.20\x64\debug\pngwtran.obj
c:\aeromap\lib\libpng-1.6.20\x64\debug\pngwrite.obj
c:\aeromap\lib\libpng-1.6.20\x64\debug\pngwio.obj
c:\aeromap\lib\libpng-1.6.20\x64\debug\pngtrans.obj
c:\aeromap\lib\libpng-1.6.20\x64\debug\pngset.obj
c:\aeromap\lib\libpng-1.6.20\x64\debug\pngrutil.obj
c:\aeromap\lib\libpng-1.6.20\x64\debug\pngrtran.obj
c:\aeromap\lib\libpng-1.6.20\x64\debug\pngrio.obj
c:\aeromap\lib\libpng-1.6.20\x64\debug\pngread.obj
c:\aeromap\lib\libpng-1.6.20\x64\debug\pngpread.obj
c:\aeromap\lib\libpng-1.6.20\x64\debug\pngmem.obj
c:\aeromap\lib\libpng-1.6.20\x64\debug\pngget.obj
c:\aeromap\lib\libpng-1.6.20\x64\debug\pngerror.obj
c:\aeromap\lib\libpng-1.6.20\x64\debug\png.obj
c:\aeromap\lib\libpng-1.6.20\x64\debug\libpng.lib
c:\aeromap\lib\libpng-1.6.20\x64\debug\pngwin.res
c:\aeromap\lib\libpng-1.6.20\x64\debug\libpng.tlog\bscmake.command.1.tlog
c:\aeromap\lib\libpng-1.6.20\x64\debug\libpng.tlog\bscmake.read.1.tlog
c:\aeromap\lib\libpng-1.6.20\x64\debug\libpng.tlog\bscmake.write.1.tlog
c:\aeromap\lib\libpng-1.6.20\x64\debug\libpng.tlog\cl.command.1.tlog
c:\aeromap\lib\libpng-1.6.20\x64\debug\libpng.tlog\cl.read.1.tlog
c:\aeromap\lib\libpng-1.6.20\x64\debug\libpng.tlog\cl.write.1.tlog
c:\aeromap\lib\libpng-1.6.20\x64\debug\libpng.tlog\lib-link-cvtres.read.1.tlog
c:\aeromap\lib\libpng-1.6.20\x64\debug\libpng.tlog\lib-link-cvtres.write.1.tlog
c:\aeromap\lib\libpng-1.6.20\x64\debug\libpng.tlog\lib.command.1.tlog
c:\aeromap\lib\libpng-1.6.20\x64\debug\libpng.tlog\rc.command.1.tlog
c:\aeromap\lib\libpng-1.6.20\x64\debug\libpng.tlog\rc.read.1.tlog
c:\aeromap\lib\libpng-1.6.20\x64\debug\libpng.tlog\rc.write.1.tlog
