c:\aeromap\lib\geos-3.13.0\lib\debug\geos.pdb
c:\aeromap\lib\geos-3.13.0\geos.dir\debug\orientation.obj
c:\aeromap\lib\geos-3.13.0\geos.dir\debug\notrepresentableexception.obj
c:\aeromap\lib\geos-3.13.0\geos.dir\debug\minimumdiameter.obj
c:\aeromap\lib\geos-3.13.0\geos.dir\debug\minimumboundingcircle.obj
c:\aeromap\lib\geos-3.13.0\geos.dir\debug\minimumarearectangle.obj
c:\aeromap\lib\geos-3.13.0\geos.dir\debug\lineintersector.obj
c:\aeromap\lib\geos-3.13.0\geos.dir\debug\length.obj
c:\aeromap\lib\geos-3.13.0\geos.dir\debug\intersection.obj
c:\aeromap\lib\geos-3.13.0\geos.dir\debug\interiorpointpoint.obj
c:\aeromap\lib\geos-3.13.0\geos.dir\debug\interiorpointline.obj
c:\aeromap\lib\geos-3.13.0\geos.dir\debug\interiorpointarea.obj
c:\aeromap\lib\geos-3.13.0\geos.dir\debug\hcoordinate.obj
c:\aeromap\lib\geos-3.13.0\geos.dir\debug\distance.obj
c:\aeromap\lib\geos-3.13.0\geos.dir\debug\convexhull.obj
c:\aeromap\lib\geos-3.13.0\geos.dir\debug\circulararcs.obj
c:\aeromap\lib\geos-3.13.0\geos.dir\debug\centroid.obj
c:\aeromap\lib\geos-3.13.0\geos.dir\debug\cgalgorithmsdd.obj
c:\aeromap\lib\geos-3.13.0\geos.dir\debug\boundarynoderule.obj
c:\aeromap\lib\geos-3.13.0\geos.dir\debug\area.obj
c:\aeromap\lib\geos-3.13.0\geos.dir\debug\angle.obj
c:\aeromap\lib\geos-3.13.0\geos.dir\debug\simplepointinarealocator.obj
c:\aeromap\lib\geos-3.13.0\geos.dir\debug\pointongeometrylocator.obj
c:\aeromap\lib\geos-3.13.0\geos.dir\debug\indexedpointinarealocator.obj
c:\aeromap\lib\geos-3.13.0\geos.dir\debug\hulltriangulation.obj
c:\aeromap\lib\geos-3.13.0\geos.dir\debug\hulltri.obj
c:\aeromap\lib\geos-3.13.0\geos.dir\debug\concavehullofpolygons.obj
c:\aeromap\lib\geos-3.13.0\geos.dir\debug\concavehull.obj
c:\aeromap\lib\geos-3.13.0\geos.dir\debug\distancetopoint.obj
c:\aeromap\lib\geos-3.13.0\geos.dir\debug\discretehausdorffdistance.obj
c:\aeromap\lib\geos-3.13.0\geos.dir\debug\discretefrechetdistance.obj
c:\aeromap\lib\geos-3.13.0\geos.dir\debug\maximuminscribedcircle.obj
c:\aeromap\lib\geos-3.13.0\geos.dir\debug\largestemptycircle.obj
c:\aeromap\lib\geos-3.13.0\geos.dir\debug\indexedpointinpolygonslocator.obj
c:\aeromap\lib\geos-3.13.0\geos.dir\debug\indexeddistancetopoint.obj
c:\aeromap\lib\geos-3.13.0\geos.dir\debug\simplepointinring.obj
c:\aeromap\lib\geos-3.13.0\geos.dir\debug\robustdeterminant.obj
c:\aeromap\lib\geos-3.13.0\geos.dir\debug\raycrossingcounter.obj
c:\aeromap\lib\geos-3.13.0\geos.dir\debug\polygonnodetopology.obj
c:\aeromap\lib\geos-3.13.0\geos.dir\debug\pointlocator.obj
c:\aeromap\lib\geos-3.13.0\geos.dir\debug\pointlocation.obj
c:\aeromap\lib\geos-3.13.0\geos.dir\debug\coordinate.obj
c:\aeromap\lib\geos-3.13.0\geos.dir\debug\compoundcurve.obj
c:\aeromap\lib\geos-3.13.0\geos.dir\debug\circularstring.obj
c:\aeromap\lib\geos-3.13.0\geos.dir\debug\markhalfedge.obj
c:\aeromap\lib\geos-3.13.0\geos.dir\debug\halfedge.obj
c:\aeromap\lib\geos-3.13.0\geos.dir\debug\edgegraphbuilder.obj
c:\aeromap\lib\geos-3.13.0\geos.dir\debug\edgegraph.obj
c:\aeromap\lib\geos-3.13.0\geos.dir\debug\vertexringcounter.obj
c:\aeromap\lib\geos-3.13.0\geos.dir\debug\tpvwsimplifier.obj
c:\aeromap\lib\geos-3.13.0\geos.dir\debug\invalidsegmentdetector.obj
c:\aeromap\lib\geos-3.13.0\geos.dir\debug\coveragevalidator.obj
c:\aeromap\lib\geos-3.13.0\geos.dir\debug\coveragesimplifier.obj
c:\aeromap\lib\geos-3.13.0\geos.dir\debug\coverageringedges.obj
c:\aeromap\lib\geos-3.13.0\geos.dir\debug\coveragering.obj
c:\aeromap\lib\geos-3.13.0\geos.dir\debug\coveragepolygonvalidator.obj
c:\aeromap\lib\geos-3.13.0\geos.dir\debug\coveragepolygon.obj
c:\aeromap\lib\geos-3.13.0\geos.dir\debug\coveragegapfinder.obj
c:\aeromap\lib\geos-3.13.0\geos.dir\debug\coverageedge.obj
c:\aeromap\lib\geos-3.13.0\geos.dir\debug\coverageboundarysegmentfinder.obj
c:\aeromap\lib\geos-3.13.0\geos.dir\debug\corner.obj
c:\aeromap\lib\geos-3.13.0\geos.dir\debug\multisurface.obj
c:\aeromap\lib\geos-3.13.0\geos.dir\debug\multipolygon.obj
c:\aeromap\lib\geos-3.13.0\geos.dir\debug\multipoint.obj
c:\aeromap\lib\geos-3.13.0\geos.dir\debug\multilinestring.obj
c:\aeromap\lib\geos-3.13.0\geos.dir\debug\multicurve.obj
c:\aeromap\lib\geos-3.13.0\geos.dir\debug\location.obj
c:\aeromap\lib\geos-3.13.0\geos.dir\debug\linearring.obj
c:\aeromap\lib\geos-3.13.0\geos.dir\debug\linestring.obj
c:\aeromap\lib\geos-3.13.0\geos.dir\debug\linesegment.obj
c:\aeromap\lib\geos-3.13.0\geos.dir\debug\intersectionmatrix.obj
c:\aeromap\lib\geos-3.13.0\geos.dir\debug\heuristicoverlay.obj
c:\aeromap\lib\geos-3.13.0\geos.dir\debug\geometryfactory.obj
c:\aeromap\lib\geos-3.13.0\geos.dir\debug\geometrycomponentfilter.obj
c:\aeromap\lib\geos-3.13.0\geos.dir\debug\geometrycollection.obj
c:\aeromap\lib\geos-3.13.0\geos.dir\debug\geometry.obj
c:\aeromap\lib\geos-3.13.0\geos.dir\debug\envelope.obj
c:\aeromap\lib\geos-3.13.0\geos.dir\debug\dimension.obj
c:\aeromap\lib\geos-3.13.0\geos.dir\debug\curvepolygon.obj
c:\aeromap\lib\geos-3.13.0\geos.dir\debug\curve.obj
c:\aeromap\lib\geos-3.13.0\geos.dir\debug\coordinatesequence.obj
c:\aeromap\lib\geos-3.13.0\geos.dir\debug\preparedpolygoncontainsproperly.obj
c:\aeromap\lib\geos-3.13.0\geos.dir\debug\preparedpolygoncontains.obj
c:\aeromap\lib\geos-3.13.0\geos.dir\debug\preparedpolygon.obj
c:\aeromap\lib\geos-3.13.0\geos.dir\debug\preparedpoint.obj
c:\aeromap\lib\geos-3.13.0\geos.dir\debug\preparedlinestringnearestpoints.obj
c:\aeromap\lib\geos-3.13.0\geos.dir\debug\preparedlinestringintersects.obj
c:\aeromap\lib\geos-3.13.0\geos.dir\debug\preparedlinestringdistance.obj
c:\aeromap\lib\geos-3.13.0\geos.dir\debug\preparedlinestring.obj
c:\aeromap\lib\geos-3.13.0\geos.dir\debug\preparedgeometryfactory.obj
c:\aeromap\lib\geos-3.13.0\geos.dir\debug\preparedgeometry.obj
c:\aeromap\lib\geos-3.13.0\geos.dir\debug\basicpreparedgeometry.obj
c:\aeromap\lib\geos-3.13.0\geos.dir\debug\abstractpreparedpolygoncontains.obj
c:\aeromap\lib\geos-3.13.0\geos.dir\debug\triangle.obj
c:\aeromap\lib\geos-3.13.0\geos.dir\debug\surface.obj
c:\aeromap\lib\geos-3.13.0\geos.dir\debug\simplecurve.obj
c:\aeromap\lib\geos-3.13.0\geos.dir\debug\quadrant.obj
c:\aeromap\lib\geos-3.13.0\geos.dir\debug\precisionmodel.obj
c:\aeromap\lib\geos-3.13.0\geos.dir\debug\position.obj
c:\aeromap\lib\geos-3.13.0\geos.dir\debug\polygon.obj
c:\aeromap\lib\geos-3.13.0\geos.dir\debug\point.obj
c:\aeromap\lib\geos-3.13.0\geos.dir\debug\depth.obj
c:\aeromap\lib\geos-3.13.0\geos.dir\debug\sinestarfactory.obj
c:\aeromap\lib\geos-3.13.0\geos.dir\debug\shortcircuitedgeometryvisitor.obj
c:\aeromap\lib\geos-3.13.0\geos.dir\debug\polygonalextracter.obj
c:\aeromap\lib\geos-3.13.0\geos.dir\debug\polygonextracter.obj
c:\aeromap\lib\geos-3.13.0\geos.dir\debug\pointextracter.obj
c:\aeromap\lib\geos-3.13.0\geos.dir\debug\noopgeometryoperation.obj
c:\aeromap\lib\geos-3.13.0\geos.dir\debug\linearcomponentextracter.obj
c:\aeromap\lib\geos-3.13.0\geos.dir\debug\geometrytransformer.obj
c:\aeromap\lib\geos-3.13.0\geos.dir\debug\geometrymapper.obj
c:\aeromap\lib\geos-3.13.0\geos.dir\debug\geometryfixer.obj
c:\aeromap\lib\geos-3.13.0\geos.dir\debug\geometryeditor.obj
c:\aeromap\lib\geos-3.13.0\geos.dir\debug\geometrycombiner.obj
c:\aeromap\lib\geos-3.13.0\geos.dir\debug\densifier.obj
c:\aeromap\lib\geos-3.13.0\geos.dir\debug\coordinateoperation.obj
c:\aeromap\lib\geos-3.13.0\geos.dir\debug\componentcoordinateextracter.obj
c:\aeromap\lib\geos-3.13.0\geos.dir\debug\preparedpolygonpredicate.obj
c:\aeromap\lib\geos-3.13.0\geos.dir\debug\preparedpolygonintersects.obj
c:\aeromap\lib\geos-3.13.0\geos.dir\debug\preparedpolygondistance.obj
c:\aeromap\lib\geos-3.13.0\geos.dir\debug\preparedpolygoncovers.obj
c:\aeromap\lib\geos-3.13.0\geos.dir\debug\monotonechain.obj
c:\aeromap\lib\geos-3.13.0\geos.dir\debug\bintree.obj
c:\aeromap\lib\geos-3.13.0\geos.dir\debug\vertexsequencepackedrtree.obj
c:\aeromap\lib\geos-3.13.0\geos.dir\debug\sweeplinesegment.obj
c:\aeromap\lib\geos-3.13.0\geos.dir\debug\simplesweeplineintersector.obj
c:\aeromap\lib\geos-3.13.0\geos.dir\debug\simplemcsweeplineintersector.obj
c:\aeromap\lib\geos-3.13.0\geos.dir\debug\simpleedgesetintersector.obj
c:\aeromap\lib\geos-3.13.0\geos.dir\debug\segmentintersector.obj
c:\aeromap\lib\geos-3.13.0\geos.dir\debug\monotonechainindexer.obj
c:\aeromap\lib\geos-3.13.0\geos.dir\debug\monotonechainedge.obj
c:\aeromap\lib\geos-3.13.0\geos.dir\debug\topologylocation.obj
c:\aeromap\lib\geos-3.13.0\geos.dir\debug\nodefactory.obj
c:\aeromap\lib\geos-3.13.0\geos.dir\debug\label.obj
c:\aeromap\lib\geos-3.13.0\geos.dir\debug\graphcomponent.obj
c:\aeromap\lib\geos-3.13.0\geos.dir\debug\geometrygraph.obj
c:\aeromap\lib\geos-3.13.0\geos.dir\debug\edgenodingvalidator.obj
c:\aeromap\lib\geos-3.13.0\geos.dir\debug\edgelist.obj
c:\aeromap\lib\geos-3.13.0\geos.dir\debug\edgeintersectionlist.obj
c:\aeromap\lib\geos-3.13.0\geos.dir\debug\edgeendstar.obj
c:\aeromap\lib\geos-3.13.0\geos.dir\debug\edgeend.obj
c:\aeromap\lib\geos-3.13.0\geos.dir\debug\sweeplineindex.obj
c:\aeromap\lib\geos-3.13.0\geos.dir\debug\simplestrtree.obj
c:\aeromap\lib\geos-3.13.0\geos.dir\debug\simplestrnode.obj
c:\aeromap\lib\geos-3.13.0\geos.dir\debug\simplestrdistance.obj
c:\aeromap\lib\geos-3.13.0\geos.dir\debug\strtree.obj
c:\aeromap\lib\geos-3.13.0\geos.dir\debug\sirtree.obj
c:\aeromap\lib\geos-3.13.0\geos.dir\debug\geometryitemdistance.obj
c:\aeromap\lib\geos-3.13.0\geos.dir\debug\envelopeutil.obj
c:\aeromap\lib\geos-3.13.0\geos.dir\debug\boundablepair.obj
c:\aeromap\lib\geos-3.13.0\geos.dir\debug\abstractstrtree.obj
c:\aeromap\lib\geos-3.13.0\geos.dir\debug\quadtree.obj
c:\aeromap\lib\geos-3.13.0\geos.dir\debug\intervalsize.obj
c:\aeromap\lib\geos-3.13.0\geos.dir\debug\kdtree.obj
c:\aeromap\lib\geos-3.13.0\geos.dir\debug\kdnode.obj
c:\aeromap\lib\geos-3.13.0\geos.dir\debug\sortedpackedintervalrtree.obj
c:\aeromap\lib\geos-3.13.0\geos.dir\debug\intervalrtreeleafnode.obj
c:\aeromap\lib\geos-3.13.0\geos.dir\debug\intervalrtreebranchnode.obj
c:\aeromap\lib\geos-3.13.0\geos.dir\debug\monotonechainselectaction.obj
c:\aeromap\lib\geos-3.13.0\geos.dir\debug\monotonechainoverlapaction.obj
c:\aeromap\lib\geos-3.13.0\geos.dir\debug\monotonechainbuilder.obj
c:\aeromap\lib\geos-3.13.0\geos.dir\debug\lengthindexofpoint.obj
c:\aeromap\lib\geos-3.13.0\geos.dir\debug\extractlinebylocation.obj
c:\aeromap\lib\geos-3.13.0\geos.dir\debug\writer.obj
c:\aeromap\lib\geos-3.13.0\geos.dir\debug\wktwriter.obj
c:\aeromap\lib\geos-3.13.0\geos.dir\debug\wktstreamreader.obj
c:\aeromap\lib\geos-3.13.0\geos.dir\debug\wktreader.obj
c:\aeromap\lib\geos-3.13.0\geos.dir\debug\wktfilereader.obj
c:\aeromap\lib\geos-3.13.0\geos.dir\debug\wkbwriter.obj
c:\aeromap\lib\geos-3.13.0\geos.dir\debug\wkbstreamreader.obj
c:\aeromap\lib\geos-3.13.0\geos.dir\debug\wkbreader.obj
c:\aeromap\lib\geos-3.13.0\geos.dir\debug\unload.obj
c:\aeromap\lib\geos-3.13.0\geos.dir\debug\stringtokenizer.obj
c:\aeromap\lib\geos-3.13.0\geos.dir\debug\parseexception.obj
c:\aeromap\lib\geos-3.13.0\geos.dir\debug\geojsonwriter.obj
c:\aeromap\lib\geos-3.13.0\geos.dir\debug\geojsonreader.obj
c:\aeromap\lib\geos-3.13.0\geos.dir\debug\geojson.obj
c:\aeromap\lib\geos-3.13.0\geos.dir\debug\clocalizer.obj
c:\aeromap\lib\geos-3.13.0\geos.dir\debug\byteordervalues.obj
c:\aeromap\lib\geos-3.13.0\geos.dir\debug\byteorderdatainstream.obj
c:\aeromap\lib\geos-3.13.0\geos.dir\debug\sweeplineinterval.obj
c:\aeromap\lib\geos-3.13.0\geos.dir\debug\nodingintersectionfinder.obj
c:\aeromap\lib\geos-3.13.0\geos.dir\debug\nodedsegmentstring.obj
c:\aeromap\lib\geos-3.13.0\geos.dir\debug\mcindexsegmentsetmutualintersector.obj
c:\aeromap\lib\geos-3.13.0\geos.dir\debug\mcindexnoder.obj
c:\aeromap\lib\geos-3.13.0\geos.dir\debug\iteratednoder.obj
c:\aeromap\lib\geos-3.13.0\geos.dir\debug\intersectionfinderadder.obj
c:\aeromap\lib\geos-3.13.0\geos.dir\debug\intersectionadder.obj
c:\aeromap\lib\geos-3.13.0\geos.dir\debug\geometrynoder.obj
c:\aeromap\lib\geos-3.13.0\geos.dir\debug\fastsegmentsetintersectionfinder.obj
c:\aeromap\lib\geos-3.13.0\geos.dir\debug\fastnodingvalidator.obj
c:\aeromap\lib\geos-3.13.0\geos.dir\debug\boundarychainnoder.obj
c:\aeromap\lib\geos-3.13.0\geos.dir\debug\basicsegmentstring.obj
c:\aeromap\lib\geos-3.13.0\geos.dir\debug\dd.obj
c:\aeromap\lib\geos-3.13.0\geos.dir\debug\locationindexofpoint.obj
c:\aeromap\lib\geos-3.13.0\geos.dir\debug\locationindexofline.obj
c:\aeromap\lib\geos-3.13.0\geos.dir\debug\linearlocation.obj
c:\aeromap\lib\geos-3.13.0\geos.dir\debug\lineariterator.obj
c:\aeromap\lib\geos-3.13.0\geos.dir\debug\lineargeometrybuilder.obj
c:\aeromap\lib\geos-3.13.0\geos.dir\debug\lengthlocationmap.obj
c:\aeromap\lib\geos-3.13.0\geos.dir\debug\lengthindexedline.obj
c:\aeromap\lib\geos-3.13.0\geos.dir\debug\snaproundingintersectionadder.obj
c:\aeromap\lib\geos-3.13.0\geos.dir\debug\mcindexsnaprounder.obj
c:\aeromap\lib\geos-3.13.0\geos.dir\debug\mcindexpointsnapper.obj
c:\aeromap\lib\geos-3.13.0\geos.dir\debug\hotpixelindex.obj
c:\aeromap\lib\geos-3.13.0\geos.dir\debug\hotpixel.obj
c:\aeromap\lib\geos-3.13.0\geos.dir\debug\snappingpointindex.obj
c:\aeromap\lib\geos-3.13.0\geos.dir\debug\snappingnoder.obj
c:\aeromap\lib\geos-3.13.0\geos.dir\debug\snappingintersectionadder.obj
c:\aeromap\lib\geos-3.13.0\geos.dir\debug\validatingnoder.obj
c:\aeromap\lib\geos-3.13.0\geos.dir\debug\simplenoder.obj
c:\aeromap\lib\geos-3.13.0\geos.dir\debug\segmentstringutil.obj
c:\aeromap\lib\geos-3.13.0\geos.dir\debug\segmentstring.obj
c:\aeromap\lib\geos-3.13.0\geos.dir\debug\segmentnodelist.obj
c:\aeromap\lib\geos-3.13.0\geos.dir\debug\segmentnode.obj
c:\aeromap\lib\geos-3.13.0\geos.dir\debug\segmentintersectiondetector.obj
c:\aeromap\lib\geos-3.13.0\geos.dir\debug\segmentextractingnoder.obj
c:\aeromap\lib\geos-3.13.0\geos.dir\debug\scalednoder.obj
c:\aeromap\lib\geos-3.13.0\geos.dir\debug\orientedcoordinatearray.obj
c:\aeromap\lib\geos-3.13.0\geos.dir\debug\octant.obj
c:\aeromap\lib\geos-3.13.0\geos.dir\debug\nodingvalidator.obj
c:\aeromap\lib\geos-3.13.0\geos.dir\debug\geometryflattener.obj
c:\aeromap\lib\geos-3.13.0\geos.dir\debug\dbscanclusterfinder.obj
c:\aeromap\lib\geos-3.13.0\geos.dir\debug\clusters.obj
c:\aeromap\lib\geos-3.13.0\geos.dir\debug\abstractclusterfinder.obj
c:\aeromap\lib\geos-3.13.0\geos.dir\debug\subgraphdepthlocater.obj
c:\aeromap\lib\geos-3.13.0\geos.dir\debug\segmentmcindex.obj
c:\aeromap\lib\geos-3.13.0\geos.dir\debug\rightmostedgefinder.obj
c:\aeromap\lib\geos-3.13.0\geos.dir\debug\offsetsegmentgenerator.obj
c:\aeromap\lib\geos-3.13.0\geos.dir\debug\offsetcurvesection.obj
c:\aeromap\lib\geos-3.13.0\geos.dir\debug\offsetcurvebuilder.obj
c:\aeromap\lib\geos-3.13.0\geos.dir\debug\offsetcurve.obj
c:\aeromap\lib\geos-3.13.0\geos.dir\debug\buffersubgraph.obj
c:\aeromap\lib\geos-3.13.0\geos.dir\debug\bufferparameters.obj
c:\aeromap\lib\geos-3.13.0\geos.dir\debug\bufferop.obj
c:\aeromap\lib\geos-3.13.0\geos.dir\debug\bufferinputlinesimplifier.obj
c:\aeromap\lib\geos-3.13.0\geos.dir\debug\buffercurvesetbuilder.obj
c:\aeromap\lib\geos-3.13.0\geos.dir\debug\bufferbuilder.obj
c:\aeromap\lib\geos-3.13.0\geos.dir\debug\geometrygraphoperation.obj
c:\aeromap\lib\geos-3.13.0\geos.dir\debug\boundaryop.obj
c:\aeromap\lib\geos-3.13.0\geos.dir\debug\snaproundingnoder.obj
c:\aeromap\lib\geos-3.13.0\geos.dir\debug\linestringsnapper.obj
c:\aeromap\lib\geos-3.13.0\geos.dir\debug\geometrysnapper.obj
c:\aeromap\lib\geos-3.13.0\geos.dir\debug\overlaynodefactory.obj
c:\aeromap\lib\geos-3.13.0\geos.dir\debug\minimaledgering.obj
c:\aeromap\lib\geos-3.13.0\geos.dir\debug\linesequencer.obj
c:\aeromap\lib\geos-3.13.0\geos.dir\debug\linemerger.obj
c:\aeromap\lib\geos-3.13.0\geos.dir\debug\linemergegraph.obj
c:\aeromap\lib\geos-3.13.0\geos.dir\debug\linemergeedge.obj
c:\aeromap\lib\geos-3.13.0\geos.dir\debug\linemergedirectededge.obj
c:\aeromap\lib\geos-3.13.0\geos.dir\debug\edgestring.obj
c:\aeromap\lib\geos-3.13.0\geos.dir\debug\rectangleintersectionbuilder.obj
c:\aeromap\lib\geos-3.13.0\geos.dir\debug\rectangleintersection.obj
c:\aeromap\lib\geos-3.13.0\geos.dir\debug\indexedfacetdistance.obj
c:\aeromap\lib\geos-3.13.0\geos.dir\debug\geometrylocation.obj
c:\aeromap\lib\geos-3.13.0\geos.dir\debug\facetsequencetreebuilder.obj
c:\aeromap\lib\geos-3.13.0\geos.dir\debug\facetsequence.obj
c:\aeromap\lib\geos-3.13.0\geos.dir\debug\distanceop.obj
c:\aeromap\lib\geos-3.13.0\geos.dir\debug\connectedelementpointfilter.obj
c:\aeromap\lib\geos-3.13.0\geos.dir\debug\connectedelementlocationfilter.obj
c:\aeromap\lib\geos-3.13.0\geos.dir\debug\unionfind.obj
c:\aeromap\lib\geos-3.13.0\geos.dir\debug\overlaymixedpoints.obj
c:\aeromap\lib\geos-3.13.0\geos.dir\debug\overlaylabeller.obj
c:\aeromap\lib\geos-3.13.0\geos.dir\debug\overlaylabel.obj
c:\aeromap\lib\geos-3.13.0\geos.dir\debug\overlaygraph.obj
c:\aeromap\lib\geos-3.13.0\geos.dir\debug\overlayedgering.obj
c:\aeromap\lib\geos-3.13.0\geos.dir\debug\overlayedge.obj
c:\aeromap\lib\geos-3.13.0\geos.dir\debug\linelimiter.obj
c:\aeromap\lib\geos-3.13.0\geos.dir\debug\linebuilder.obj
c:\aeromap\lib\geos-3.13.0\geos.dir\debug\intersectionpointbuilder.obj
c:\aeromap\lib\geos-3.13.0\geos.dir\debug\inputgeometry.obj
c:\aeromap\lib\geos-3.13.0\geos.dir\debug\indexedpointonlinelocator.obj
c:\aeromap\lib\geos-3.13.0\geos.dir\debug\elevationmodel.obj
c:\aeromap\lib\geos-3.13.0\geos.dir\debug\edgesourceinfo.obj
c:\aeromap\lib\geos-3.13.0\geos.dir\debug\edgenodingbuilder.obj
c:\aeromap\lib\geos-3.13.0\geos.dir\debug\edgemerger.obj
c:\aeromap\lib\geos-3.13.0\geos.dir\debug\edgekey.obj
c:\aeromap\lib\geos-3.13.0\geos.dir\debug\overlayresultvalidator.obj
c:\aeromap\lib\geos-3.13.0\geos.dir\debug\offsetpointgenerator.obj
c:\aeromap\lib\geos-3.13.0\geos.dir\debug\fuzzypointlocator.obj
c:\aeromap\lib\geos-3.13.0\geos.dir\debug\snapoverlayop.obj
c:\aeromap\lib\geos-3.13.0\geos.dir\debug\edgeendbundle.obj
c:\aeromap\lib\geos-3.13.0\geos.dir\debug\edgeendbuilder.obj
c:\aeromap\lib\geos-3.13.0\geos.dir\debug\segmentintersectiontester.obj
c:\aeromap\lib\geos-3.13.0\geos.dir\debug\rectangleintersects.obj
c:\aeromap\lib\geos-3.13.0\geos.dir\debug\rectanglecontains.obj
c:\aeromap\lib\geos-3.13.0\geos.dir\debug\polygonizer.obj
c:\aeromap\lib\geos-3.13.0\geos.dir\debug\polygonizegraph.obj
c:\aeromap\lib\geos-3.13.0\geos.dir\debug\polygonizeedge.obj
c:\aeromap\lib\geos-3.13.0\geos.dir\debug\polygonizedirectededge.obj
c:\aeromap\lib\geos-3.13.0\geos.dir\debug\holeassigner.obj
c:\aeromap\lib\geos-3.13.0\geos.dir\debug\buildarea.obj
c:\aeromap\lib\geos-3.13.0\geos.dir\debug\unaryunionng.obj
c:\aeromap\lib\geos-3.13.0\geos.dir\debug\robustclipenvelopecomputer.obj
c:\aeromap\lib\geos-3.13.0\geos.dir\debug\ringclipper.obj
c:\aeromap\lib\geos-3.13.0\geos.dir\debug\precisionutil.obj
c:\aeromap\lib\geos-3.13.0\geos.dir\debug\precisionreducer.obj
c:\aeromap\lib\geos-3.13.0\geos.dir\debug\overlayutil.obj
c:\aeromap\lib\geos-3.13.0\geos.dir\debug\overlaypoints.obj
c:\aeromap\lib\geos-3.13.0\geos.dir\debug\overlayngrobust.obj
c:\aeromap\lib\geos-3.13.0\geos.dir\debug\overlayng.obj
c:\aeromap\lib\geos-3.13.0\geos.dir\debug\relategeometry.obj
c:\aeromap\lib\geos-3.13.0\geos.dir\debug\relateedge.obj
c:\aeromap\lib\geos-3.13.0\geos.dir\debug\polygonnodeconverter.obj
c:\aeromap\lib\geos-3.13.0\geos.dir\debug\nodesections.obj
c:\aeromap\lib\geos-3.13.0\geos.dir\debug\nodesection.obj
c:\aeromap\lib\geos-3.13.0\geos.dir\debug\linearboundary.obj
c:\aeromap\lib\geos-3.13.0\geos.dir\debug\linestringextracter.obj
c:\aeromap\lib\geos-3.13.0\geos.dir\debug\impredicate.obj
c:\aeromap\lib\geos-3.13.0\geos.dir\debug\impatternmatcher.obj
c:\aeromap\lib\geos-3.13.0\geos.dir\debug\edgesetintersector.obj
c:\aeromap\lib\geos-3.13.0\geos.dir\debug\edgesegmentoverlapaction.obj
c:\aeromap\lib\geos-3.13.0\geos.dir\debug\edgesegmentintersector.obj
c:\aeromap\lib\geos-3.13.0\geos.dir\debug\dimensionlocation.obj
c:\aeromap\lib\geos-3.13.0\geos.dir\debug\basicpredicate.obj
c:\aeromap\lib\geos-3.13.0\geos.dir\debug\adjacentedgelocator.obj
c:\aeromap\lib\geos-3.13.0\geos.dir\debug\relateop.obj
c:\aeromap\lib\geos-3.13.0\geos.dir\debug\relatenodegraph.obj
c:\aeromap\lib\geos-3.13.0\geos.dir\debug\relatenodefactory.obj
c:\aeromap\lib\geos-3.13.0\geos.dir\debug\relatecomputer.obj
c:\aeromap\lib\geos-3.13.0\geos.dir\debug\edgeendbundlestar.obj
c:\aeromap\lib\geos-3.13.0\geos.dir\debug\polygonringtouch.obj
c:\aeromap\lib\geos-3.13.0\geos.dir\debug\polygonringselfnode.obj
c:\aeromap\lib\geos-3.13.0\geos.dir\debug\polygonring.obj
c:\aeromap\lib\geos-3.13.0\geos.dir\debug\polygonintersectionanalyzer.obj
c:\aeromap\lib\geos-3.13.0\geos.dir\debug\makevalid.obj
c:\aeromap\lib\geos-3.13.0\geos.dir\debug\isvalidop.obj
c:\aeromap\lib\geos-3.13.0\geos.dir\debug\issimpleop.obj
c:\aeromap\lib\geos-3.13.0\geos.dir\debug\indexednestedpolygontester.obj
c:\aeromap\lib\geos-3.13.0\geos.dir\debug\indexednestedholetester.obj
c:\aeromap\lib\geos-3.13.0\geos.dir\debug\unionstrategy.obj
c:\aeromap\lib\geos-3.13.0\geos.dir\debug\unaryunionop.obj
c:\aeromap\lib\geos-3.13.0\geos.dir\debug\pointgeometryunion.obj
c:\aeromap\lib\geos-3.13.0\geos.dir\debug\overlapunion.obj
c:\aeromap\lib\geos-3.13.0\geos.dir\debug\cascadedpolygonunion.obj
c:\aeromap\lib\geos-3.13.0\geos.dir\debug\sharedpathsop.obj
c:\aeromap\lib\geos-3.13.0\geos.dir\debug\topologycomputer.obj
c:\aeromap\lib\geos-3.13.0\geos.dir\debug\relatesegmentstring.obj
c:\aeromap\lib\geos-3.13.0\geos.dir\debug\relatepredicate.obj
c:\aeromap\lib\geos-3.13.0\geos.dir\debug\relatepointlocator.obj
c:\aeromap\lib\geos-3.13.0\geos.dir\debug\relateng.obj
c:\aeromap\lib\geos-3.13.0\geos.dir\debug\componentjumpchecker.obj
c:\aeromap\lib\geos-3.13.0\geos.dir\debug\mortoncode.obj
c:\aeromap\lib\geos-3.13.0\geos.dir\debug\hilbertencoder.obj
c:\aeromap\lib\geos-3.13.0\geos.dir\debug\hilbertcode.obj
c:\aeromap\lib\geos-3.13.0\geos.dir\debug\simplegeometryprecisionreducer.obj
c:\aeromap\lib\geos-3.13.0\geos.dir\debug\precisionreducertransformer.obj
c:\aeromap\lib\geos-3.13.0\geos.dir\debug\precisionreducercoordinateoperation.obj
c:\aeromap\lib\geos-3.13.0\geos.dir\debug\pointwiseprecisionreducertransformer.obj
c:\aeromap\lib\geos-3.13.0\geos.dir\debug\minimumclearance.obj
c:\aeromap\lib\geos-3.13.0\geos.dir\debug\geometryprecisionreducer.obj
c:\aeromap\lib\geos-3.13.0\geos.dir\debug\enhancedprecisionop.obj
c:\aeromap\lib\geos-3.13.0\geos.dir\debug\commonbitsremover.obj
c:\aeromap\lib\geos-3.13.0\geos.dir\debug\commonbitsop.obj
c:\aeromap\lib\geos-3.13.0\geos.dir\debug\commonbits.obj
c:\aeromap\lib\geos-3.13.0\geos.dir\debug\connectedsubgraphfinder.obj
c:\aeromap\lib\geos-3.13.0\geos.dir\debug\subgraph.obj
c:\aeromap\lib\geos-3.13.0\geos.dir\debug\topologyvalidationerror.obj
c:\aeromap\lib\geos-3.13.0\geos.dir\debug\repeatedpointtester.obj
c:\aeromap\lib\geos-3.13.0\geos.dir\debug\repeatedpointremover.obj
c:\aeromap\lib\geos-3.13.0\geos.dir\debug\polygontopologyanalyzer.obj
c:\aeromap\lib\geos-3.13.0\geos.dir\debug\polygonnoder.obj
c:\aeromap\lib\geos-3.13.0\geos.dir\debug\polygonholejoiner.obj
c:\aeromap\lib\geos-3.13.0\geos.dir\debug\polygonearclipper.obj
c:\aeromap\lib\geos-3.13.0\geos.dir\debug\constraineddelaunaytriangulator.obj
c:\aeromap\lib\geos-3.13.0\geos.dir\debug\voronoidiagrambuilder.obj
c:\aeromap\lib\geos-3.13.0\geos.dir\debug\incrementaldelaunaytriangulator.obj
c:\aeromap\lib\geos-3.13.0\geos.dir\debug\delaunaytriangulationbuilder.obj
c:\aeromap\lib\geos-3.13.0\geos.dir\debug\topologypreservingsimplifier.obj
c:\aeromap\lib\geos-3.13.0\geos.dir\debug\taggedlinessimplifier.obj
c:\aeromap\lib\geos-3.13.0\geos.dir\debug\taggedlinestringsimplifier.obj
c:\aeromap\lib\geos-3.13.0\geos.dir\debug\taggedlinestring.obj
c:\aeromap\lib\geos-3.13.0\geos.dir\debug\taggedlinesegment.obj
c:\aeromap\lib\geos-3.13.0\geos.dir\debug\ringhullindex.obj
c:\aeromap\lib\geos-3.13.0\geos.dir\debug\ringhull.obj
c:\aeromap\lib\geos-3.13.0\geos.dir\debug\polygonhullsimplifier.obj
c:\aeromap\lib\geos-3.13.0\geos.dir\debug\linkedring.obj
c:\aeromap\lib\geos-3.13.0\geos.dir\debug\linkedline.obj
c:\aeromap\lib\geos-3.13.0\geos.dir\debug\linesegmentindex.obj
c:\aeromap\lib\geos-3.13.0\geos.dir\debug\douglaspeuckersimplifier.obj
c:\aeromap\lib\geos-3.13.0\geos.dir\debug\douglaspeuckerlinesimplifier.obj
c:\aeromap\lib\geos-3.13.0\geos.dir\debug\string.obj
c:\aeromap\lib\geos-3.13.0\geos.dir\debug\math.obj
c:\aeromap\lib\geos-3.13.0\geos.dir\debug\profiler.obj
c:\aeromap\lib\geos-3.13.0\geos.dir\debug\interrupt.obj
c:\aeromap\lib\geos-3.13.0\geos.dir\debug\geometricshapefactory.obj
c:\aeromap\lib\geos-3.13.0\geos.dir\debug\assert.obj
c:\aeromap\lib\geos-3.13.0\geos.dir\debug\triangulationbuilder.obj
c:\aeromap\lib\geos-3.13.0\geos.dir\debug\triedge.obj
c:\aeromap\lib\geos-3.13.0\geos.dir\debug\tri.obj
c:\aeromap\lib\geos-3.13.0\geos.dir\debug\vertex.obj
c:\aeromap\lib\geos-3.13.0\geos.dir\debug\trianglepredicate.obj
c:\aeromap\lib\geos-3.13.0\geos.dir\debug\quadedgesubdivision.obj
c:\aeromap\lib\geos-3.13.0\geos.dir\debug\quadedge.obj
c:\aeromap\lib\geos-3.13.0\geos.dir\debug\locatefailureexception.obj
c:\aeromap\lib\geos-3.13.0\geos.dir\debug\lastfoundquadedgelocator.obj
c:\aeromap\lib\geos-3.13.0\geos.dir\debug\tridelaunayimprover.obj
c:\aeromap\lib\geos-3.13.0\geos.dir\debug\polygontriangulator.obj
c:\aeromap\lib\geos-3.13.0\geos.dir\debug\src\algorithm\rectangle.cpp.obj
c:\aeromap\lib\geos-3.13.0\geos.dir\debug\src\coverage\coverageunion.cpp.obj
c:\aeromap\lib\geos-3.13.0\geos.dir\debug\src\geomgraph\directededge.cpp.obj
c:\aeromap\lib\geos-3.13.0\geos.dir\debug\src\geomgraph\directededgestar.cpp.obj
c:\aeromap\lib\geos-3.13.0\geos.dir\debug\src\geomgraph\edge.cpp.obj
c:\aeromap\lib\geos-3.13.0\geos.dir\debug\src\geomgraph\edgering.cpp.obj
c:\aeromap\lib\geos-3.13.0\geos.dir\debug\src\geomgraph\node.cpp.obj
c:\aeromap\lib\geos-3.13.0\geos.dir\debug\src\geomgraph\nodemap.cpp.obj
c:\aeromap\lib\geos-3.13.0\geos.dir\debug\src\geomgraph\planargraph.cpp.obj
c:\aeromap\lib\geos-3.13.0\geos.dir\debug\src\geomgraph\index\sweeplineevent.cpp.obj
c:\aeromap\lib\geos-3.13.0\geos.dir\debug\src\index\bintree\interval.cpp.obj
c:\aeromap\lib\geos-3.13.0\geos.dir\debug\src\index\bintree\key.cpp.obj
c:\aeromap\lib\geos-3.13.0\geos.dir\debug\src\index\bintree\node.cpp.obj
c:\aeromap\lib\geos-3.13.0\geos.dir\debug\src\index\bintree\nodebase.cpp.obj
c:\aeromap\lib\geos-3.13.0\geos.dir\debug\src\index\bintree\root.cpp.obj
c:\aeromap\lib\geos-3.13.0\geos.dir\debug\src\index\quadtree\key.cpp.obj
c:\aeromap\lib\geos-3.13.0\geos.dir\debug\src\index\quadtree\node.cpp.obj
c:\aeromap\lib\geos-3.13.0\geos.dir\debug\src\index\quadtree\nodebase.cpp.obj
c:\aeromap\lib\geos-3.13.0\geos.dir\debug\src\index\quadtree\root.cpp.obj
c:\aeromap\lib\geos-3.13.0\geos.dir\debug\src\index\strtree\interval.cpp.obj
c:\aeromap\lib\geos-3.13.0\geos.dir\debug\src\index\sweepline\sweeplineevent.cpp.obj
c:\aeromap\lib\geos-3.13.0\geos.dir\debug\src\operation\intersection\rectangle.cpp.obj
c:\aeromap\lib\geos-3.13.0\geos.dir\debug\src\operation\overlay\maximaledgering.cpp.obj
c:\aeromap\lib\geos-3.13.0\geos.dir\debug\src\operation\overlay\polygonbuilder.cpp.obj
c:\aeromap\lib\geos-3.13.0\geos.dir\debug\src\operation\overlayng\coverageunion.cpp.obj
c:\aeromap\lib\geos-3.13.0\geos.dir\debug\src\operation\overlayng\edge.cpp.obj
c:\aeromap\lib\geos-3.13.0\geos.dir\debug\src\operation\overlayng\maximaledgering.cpp.obj
c:\aeromap\lib\geos-3.13.0\geos.dir\debug\src\operation\overlayng\polygonbuilder.cpp.obj
c:\aeromap\lib\geos-3.13.0\geos.dir\debug\src\operation\polygonize\edgering.cpp.obj
c:\aeromap\lib\geos-3.13.0\geos.dir\debug\src\operation\relate\relatenode.cpp.obj
c:\aeromap\lib\geos-3.13.0\geos.dir\debug\src\operation\relateng\relatenode.cpp.obj
c:\aeromap\lib\geos-3.13.0\geos.dir\debug\src\operation\union\coverageunion.cpp.obj
c:\aeromap\lib\geos-3.13.0\geos.dir\debug\src\planargraph\directededge.cpp.obj
c:\aeromap\lib\geos-3.13.0\geos.dir\debug\src\planargraph\directededgestar.cpp.obj
c:\aeromap\lib\geos-3.13.0\geos.dir\debug\src\planargraph\edge.cpp.obj
c:\aeromap\lib\geos-3.13.0\geos.dir\debug\src\planargraph\node.cpp.obj
c:\aeromap\lib\geos-3.13.0\geos.dir\debug\src\planargraph\nodemap.cpp.obj
c:\aeromap\lib\geos-3.13.0\geos.dir\debug\src\planargraph\planargraph.cpp.obj
c:\aeromap\lib\geos-3.13.0\lib\debug\geos.lib
c:\aeromap\lib\geos-3.13.0\geos.dir\debug\geos.tlog\cl.command.1.tlog
c:\aeromap\lib\geos-3.13.0\geos.dir\debug\geos.tlog\cl.read.1.tlog
c:\aeromap\lib\geos-3.13.0\geos.dir\debug\geos.tlog\cl.write.1.tlog
c:\aeromap\lib\geos-3.13.0\geos.dir\debug\geos.tlog\lib-link.read.1.tlog
c:\aeromap\lib\geos-3.13.0\geos.dir\debug\geos.tlog\lib-link.write.1.tlog
c:\aeromap\lib\geos-3.13.0\geos.dir\debug\geos.tlog\lib.command.1.tlog
