c:\aeromap\lib\gdal-3.2.1\x64\debug\gdal.pdb
c:\aeromap\lib\gdal-3.2.1\x64\debug\gdal.idb
c:\aeromap\lib\gdal-3.2.1\x64\debug\gdalpansharpen.obj
c:\aeromap\lib\gdal-3.2.1\x64\debug\gdalmediancut.obj
c:\aeromap\lib\gdal-3.2.1\x64\debug\gdalmatching.obj
c:\aeromap\lib\gdal-3.2.1\x64\debug\gdallinearsystem.obj
c:\aeromap\lib\gdal-3.2.1\x64\debug\gdalgrid.obj
c:\aeromap\lib\gdal-3.2.1\x64\debug\gdalgeoloc.obj
c:\aeromap\lib\gdal-3.2.1\x64\debug\gdaldither.obj
c:\aeromap\lib\gdal-3.2.1\x64\debug\gdalcutline.obj
c:\aeromap\lib\gdal-3.2.1\x64\debug\gdalchecksum.obj
c:\aeromap\lib\gdal-3.2.1\x64\debug\gdalapplyverticalshiftgrid.obj
c:\aeromap\lib\gdal-3.2.1\x64\debug\contour.obj
c:\aeromap\lib\gdal-3.2.1\x64\debug\ogr2ogr_lib.obj
c:\aeromap\lib\gdal-3.2.1\x64\debug\gdal_translate_lib.obj
c:\aeromap\lib\gdal-3.2.1\x64\debug\gdal_rasterize_lib.obj
c:\aeromap\lib\gdal-3.2.1\x64\debug\gdal_grid_lib.obj
c:\aeromap\lib\gdal-3.2.1\x64\debug\gdalwarp_lib.obj
c:\aeromap\lib\gdal-3.2.1\x64\debug\gdalmdiminfo_lib.obj
c:\aeromap\lib\gdal-3.2.1\x64\debug\gdalinfo_lib.obj
c:\aeromap\lib\gdal-3.2.1\x64\debug\gdalbuildvrt_lib.obj
c:\aeromap\lib\gdal-3.2.1\x64\debug\commonutils.obj
c:\aeromap\lib\gdal-3.2.1\x64\debug\thinplatespline.obj
c:\aeromap\lib\gdal-3.2.1\x64\debug\rasterfill.obj
c:\aeromap\lib\gdal-3.2.1\x64\debug\polygonize.obj
c:\aeromap\lib\gdal-3.2.1\x64\debug\llrasterize.obj
c:\aeromap\lib\gdal-3.2.1\x64\debug\gdal_tps.obj
c:\aeromap\lib\gdal-3.2.1\x64\debug\gdal_simplesurf.obj
c:\aeromap\lib\gdal-3.2.1\x64\debug\gdal_rpc.obj
c:\aeromap\lib\gdal-3.2.1\x64\debug\gdal_octave.obj
c:\aeromap\lib\gdal-3.2.1\x64\debug\gdal_crs.obj
c:\aeromap\lib\gdal-3.2.1\x64\debug\gdalwarpoperation.obj
c:\aeromap\lib\gdal-3.2.1\x64\debug\gdalwarpkernel_opencl.obj
c:\aeromap\lib\gdal-3.2.1\x64\debug\gdalwarpkernel.obj
c:\aeromap\lib\gdal-3.2.1\x64\debug\gdalwarper.obj
c:\aeromap\lib\gdal-3.2.1\x64\debug\gdaltransformgeolocs.obj
c:\aeromap\lib\gdal-3.2.1\x64\debug\gdaltransformer.obj
c:\aeromap\lib\gdal-3.2.1\x64\debug\gdalsimplewarp.obj
c:\aeromap\lib\gdal-3.2.1\x64\debug\gdalsievefilter.obj
c:\aeromap\lib\gdal-3.2.1\x64\debug\gdalrasterpolygonenumerator.obj
c:\aeromap\lib\gdal-3.2.1\x64\debug\gdalrasterize.obj
c:\aeromap\lib\gdal-3.2.1\x64\debug\gdalproximity.obj
c:\aeromap\lib\gdal-3.2.1\x64\debug\hfadataset.obj
c:\aeromap\lib\gdal-3.2.1\x64\debug\hfacompress.obj
c:\aeromap\lib\gdal-3.2.1\x64\debug\hfaband.obj
c:\aeromap\lib\gdal-3.2.1\x64\debug\hf2dataset.obj
c:\aeromap\lib\gdal-3.2.1\x64\debug\tifvsi.obj
c:\aeromap\lib\gdal-3.2.1\x64\debug\gt_wkt_srs.obj
c:\aeromap\lib\gdal-3.2.1\x64\debug\gt_overview.obj
c:\aeromap\lib\gdal-3.2.1\x64\debug\gt_jpeg_copy.obj
c:\aeromap\lib\gdal-3.2.1\x64\debug\gt_citation.obj
c:\aeromap\lib\gdal-3.2.1\x64\debug\geotiff.obj
c:\aeromap\lib\gdal-3.2.1\x64\debug\cogdriver.obj
c:\aeromap\lib\gdal-3.2.1\x64\debug\e00griddataset.obj
c:\aeromap\lib\gdal-3.2.1\x64\debug\deriveddataset.obj
c:\aeromap\lib\gdal-3.2.1\x64\debug\ctgdataset.obj
c:\aeromap\lib\gdal-3.2.1\x64\debug\bmpdataset.obj
c:\aeromap\lib\gdal-3.2.1\x64\debug\aigdataset.obj
c:\aeromap\lib\gdal-3.2.1\x64\debug\srpdataset.obj
c:\aeromap\lib\gdal-3.2.1\x64\debug\adrgdataset.obj
c:\aeromap\lib\gdal-3.2.1\x64\debug\gdalallregister.obj
c:\aeromap\lib\gdal-3.2.1\x64\debug\viewshed.obj
c:\aeromap\lib\gdal-3.2.1\x64\debug\nitfaridpcm.obj
c:\aeromap\lib\gdal-3.2.1\x64\debug\ecrgtocdataset.obj
c:\aeromap\lib\gdal-3.2.1\x64\debug\ngsgeoiddataset.obj
c:\aeromap\lib\gdal-3.2.1\x64\debug\memdataset.obj
c:\aeromap\lib\gdal-3.2.1\x64\debug\vsidataio_12.obj
c:\aeromap\lib\gdal-3.2.1\x64\debug\vsidataio.obj
c:\aeromap\lib\gdal-3.2.1\x64\debug\jpgdataset_12.obj
c:\aeromap\lib\gdal-3.2.1\x64\debug\jpgdataset.obj
c:\aeromap\lib\gdal-3.2.1\x64\debug\ddfutils.obj
c:\aeromap\lib\gdal-3.2.1\x64\debug\ddfsubfielddefn.obj
c:\aeromap\lib\gdal-3.2.1\x64\debug\ddfrecord.obj
c:\aeromap\lib\gdal-3.2.1\x64\debug\ddfmodule.obj
c:\aeromap\lib\gdal-3.2.1\x64\debug\ddffielddefn.obj
c:\aeromap\lib\gdal-3.2.1\x64\debug\ddffield.obj
c:\aeromap\lib\gdal-3.2.1\x64\debug\hfa_overviews.obj
c:\aeromap\lib\gdal-3.2.1\x64\debug\hfatype.obj
c:\aeromap\lib\gdal-3.2.1\x64\debug\hfaopen.obj
c:\aeromap\lib\gdal-3.2.1\x64\debug\hfafield.obj
c:\aeromap\lib\gdal-3.2.1\x64\debug\hfaentry.obj
c:\aeromap\lib\gdal-3.2.1\x64\debug\hfadictionary.obj
c:\aeromap\lib\gdal-3.2.1\x64\debug\sdtsrasterreader.obj
c:\aeromap\lib\gdal-3.2.1\x64\debug\sdtspolygonreader.obj
c:\aeromap\lib\gdal-3.2.1\x64\debug\sdtspointreader.obj
c:\aeromap\lib\gdal-3.2.1\x64\debug\sdtslinereader.obj
c:\aeromap\lib\gdal-3.2.1\x64\debug\sdtslib.obj
c:\aeromap\lib\gdal-3.2.1\x64\debug\sdtsiref.obj
c:\aeromap\lib\gdal-3.2.1\x64\debug\sdtsindexedreader.obj
c:\aeromap\lib\gdal-3.2.1\x64\debug\sdtsdataset.obj
c:\aeromap\lib\gdal-3.2.1\x64\debug\sdtscatd.obj
c:\aeromap\lib\gdal-3.2.1\x64\debug\sdtsattrreader.obj
c:\aeromap\lib\gdal-3.2.1\x64\debug\pngdataset.obj
c:\aeromap\lib\gdal-3.2.1\x64\debug\nulldataset.obj
c:\aeromap\lib\gdal-3.2.1\x64\debug\rpftocfile.obj
c:\aeromap\lib\gdal-3.2.1\x64\debug\rpftocdataset.obj
c:\aeromap\lib\gdal-3.2.1\x64\debug\nitf_gcprpc.obj
c:\aeromap\lib\gdal-3.2.1\x64\debug\nitfwritejpeg_12.obj
c:\aeromap\lib\gdal-3.2.1\x64\debug\nitfwritejpeg.obj
c:\aeromap\lib\gdal-3.2.1\x64\debug\nitfrasterband.obj
c:\aeromap\lib\gdal-3.2.1\x64\debug\nitfdataset.obj
c:\aeromap\lib\gdal-3.2.1\x64\debug\nitfbilevel.obj
c:\aeromap\lib\gdal-3.2.1\x64\debug\vrtwarped.obj
c:\aeromap\lib\gdal-3.2.1\x64\debug\vrtsources.obj
c:\aeromap\lib\gdal-3.2.1\x64\debug\vrtsourcedrasterband.obj
c:\aeromap\lib\gdal-3.2.1\x64\debug\vrtrawrasterband.obj
c:\aeromap\lib\gdal-3.2.1\x64\debug\vrtrasterband.obj
c:\aeromap\lib\gdal-3.2.1\x64\debug\vrtpansharpened.obj
c:\aeromap\lib\gdal-3.2.1\x64\debug\vrtmultidim.obj
c:\aeromap\lib\gdal-3.2.1\x64\debug\vrtfilters.obj
c:\aeromap\lib\gdal-3.2.1\x64\debug\vrtdriver.obj
c:\aeromap\lib\gdal-3.2.1\x64\debug\vrtderivedrasterband.obj
c:\aeromap\lib\gdal-3.2.1\x64\debug\vrtdataset.obj
c:\aeromap\lib\gdal-3.2.1\x64\debug\pixelfunctions.obj
c:\aeromap\lib\gdal-3.2.1\x64\debug\usgsdem_create.obj
c:\aeromap\lib\gdal-3.2.1\x64\debug\usgsdemdataset.obj
c:\aeromap\lib\gdal-3.2.1\x64\debug\tgadataset.obj
c:\aeromap\lib\gdal-3.2.1\x64\debug\srtmhgtdataset.obj
c:\aeromap\lib\gdal-3.2.1\x64\debug\sigdemdataset.obj
c:\aeromap\lib\gdal-3.2.1\x64\debug\sentinel2dataset.obj
c:\aeromap\lib\gdal-3.2.1\x64\debug\sdtsxref.obj
c:\aeromap\lib\gdal-3.2.1\x64\debug\sdtstransfer.obj
c:\aeromap\lib\gdal-3.2.1\x64\debug\gdalmajorobject.obj
c:\aeromap\lib\gdal-3.2.1\x64\debug\gdaljp2structure.obj
c:\aeromap\lib\gdal-3.2.1\x64\debug\gdaljp2metadatagenerator.obj
c:\aeromap\lib\gdal-3.2.1\x64\debug\gdaljp2metadata.obj
c:\aeromap\lib\gdal-3.2.1\x64\debug\gdaljp2box.obj
c:\aeromap\lib\gdal-3.2.1\x64\debug\gdaljp2abstractdataset.obj
c:\aeromap\lib\gdal-3.2.1\x64\debug\gdalhashsetbandblockcache.obj
c:\aeromap\lib\gdal-3.2.1\x64\debug\gdalgeorefpamdataset.obj
c:\aeromap\lib\gdal-3.2.1\x64\debug\gdalexif.obj
c:\aeromap\lib\gdal-3.2.1\x64\debug\gdaldrivermanager.obj
c:\aeromap\lib\gdal-3.2.1\x64\debug\gdaldriver.obj
c:\aeromap\lib\gdal-3.2.1\x64\debug\gdaldllmain.obj
c:\aeromap\lib\gdal-3.2.1\x64\debug\gdaldefaultoverviews.obj
c:\aeromap\lib\gdal-3.2.1\x64\debug\gdaldefaultasync.obj
c:\aeromap\lib\gdal-3.2.1\x64\debug\gdaldataset.obj
c:\aeromap\lib\gdal-3.2.1\x64\debug\gdalcolortable.obj
c:\aeromap\lib\gdal-3.2.1\x64\debug\gdalarraybandblockcache.obj
c:\aeromap\lib\gdal-3.2.1\x64\debug\gdalallvalidmaskband.obj
c:\aeromap\lib\gdal-3.2.1\x64\debug\gdalabstractbandblockcache.obj
c:\aeromap\lib\gdal-3.2.1\x64\debug\xyzdataset.obj
c:\aeromap\lib\gdal-3.2.1\x64\debug\gdal_rat.obj
c:\aeromap\lib\gdal-3.2.1\x64\debug\gdal_misc.obj
c:\aeromap\lib\gdal-3.2.1\x64\debug\gdal_mdreader.obj
c:\aeromap\lib\gdal-3.2.1\x64\debug\gdalvirtualmem.obj
c:\aeromap\lib\gdal-3.2.1\x64\debug\gdalrescaledalphaband.obj
c:\aeromap\lib\gdal-3.2.1\x64\debug\gdalrasterblock.obj
c:\aeromap\lib\gdal-3.2.1\x64\debug\gdalrasterband.obj
c:\aeromap\lib\gdal-3.2.1\x64\debug\gdalpythondriverloader.obj
c:\aeromap\lib\gdal-3.2.1\x64\debug\gdalpython.obj
c:\aeromap\lib\gdal-3.2.1\x64\debug\gdalproxypool.obj
c:\aeromap\lib\gdal-3.2.1\x64\debug\gdalproxydataset.obj
c:\aeromap\lib\gdal-3.2.1\x64\debug\gdalpamrasterband.obj
c:\aeromap\lib\gdal-3.2.1\x64\debug\gdalpamproxydb.obj
c:\aeromap\lib\gdal-3.2.1\x64\debug\gdalpamdataset.obj
c:\aeromap\lib\gdal-3.2.1\x64\debug\gdaloverviewdataset.obj
c:\aeromap\lib\gdal-3.2.1\x64\debug\gdalopeninfo.obj
c:\aeromap\lib\gdal-3.2.1\x64\debug\gdalnodatavaluesmaskband.obj
c:\aeromap\lib\gdal-3.2.1\x64\debug\gdalnodatamaskband.obj
c:\aeromap\lib\gdal-3.2.1\x64\debug\gdalmultidomainmetadata.obj
c:\aeromap\lib\gdal-3.2.1\x64\debug\gdalmultidim.obj
c:\aeromap\lib\gdal-3.2.1\x64\debug\ogr2gmlgeometry.obj
c:\aeromap\lib\gdal-3.2.1\x64\debug\gml2ogrgeometry.obj
c:\aeromap\lib\gdal-3.2.1\x64\debug\reader_spot.obj
c:\aeromap\lib\gdal-3.2.1\x64\debug\reader_rdk1.obj
c:\aeromap\lib\gdal-3.2.1\x64\debug\reader_rapid_eye.obj
c:\aeromap\lib\gdal-3.2.1\x64\debug\reader_pleiades.obj
c:\aeromap\lib\gdal-3.2.1\x64\debug\reader_orb_view.obj
c:\aeromap\lib\gdal-3.2.1\x64\debug\reader_landsat.obj
c:\aeromap\lib\gdal-3.2.1\x64\debug\reader_kompsat.obj
c:\aeromap\lib\gdal-3.2.1\x64\debug\reader_geo_eye.obj
c:\aeromap\lib\gdal-3.2.1\x64\debug\reader_eros.obj
c:\aeromap\lib\gdal-3.2.1\x64\debug\reader_digital_globe.obj
c:\aeromap\lib\gdal-3.2.1\x64\debug\reader_alos.obj
c:\aeromap\lib\gdal-3.2.1\x64\debug\tilematrixset.obj
c:\aeromap\lib\gdal-3.2.1\x64\debug\rawdataset.obj
c:\aeromap\lib\gdal-3.2.1\x64\debug\rasterio_ssse3.obj
c:\aeromap\lib\gdal-3.2.1\x64\debug\rasterio.obj
c:\aeromap\lib\gdal-3.2.1\x64\debug\overview.obj
c:\aeromap\lib\gdal-3.2.1\x64\debug\nasakeywordhandler.obj
c:\aeromap\lib\gdal-3.2.1\x64\debug\gdal_thread_pool.obj
c:\aeromap\lib\gdal-3.2.1\x64\debug\ogrlinestring.obj
c:\aeromap\lib\gdal-3.2.1\x64\debug\ogrlinearring.obj
c:\aeromap\lib\gdal-3.2.1\x64\debug\ogrgeomfielddefn.obj
c:\aeromap\lib\gdal-3.2.1\x64\debug\ogrgeometryfactory.obj
c:\aeromap\lib\gdal-3.2.1\x64\debug\ogrgeometrycollection.obj
c:\aeromap\lib\gdal-3.2.1\x64\debug\ogrgeometry.obj
c:\aeromap\lib\gdal-3.2.1\x64\debug\ogrgeomediageometry.obj
c:\aeromap\lib\gdal-3.2.1\x64\debug\ogrfielddefn.obj
c:\aeromap\lib\gdal-3.2.1\x64\debug\ogrfeaturestyle.obj
c:\aeromap\lib\gdal-3.2.1\x64\debug\ogrfeaturequery.obj
c:\aeromap\lib\gdal-3.2.1\x64\debug\ogrfeaturedefn.obj
c:\aeromap\lib\gdal-3.2.1\x64\debug\ogrfeature.obj
c:\aeromap\lib\gdal-3.2.1\x64\debug\ogrcurvepolygon.obj
c:\aeromap\lib\gdal-3.2.1\x64\debug\ogrcurvecollection.obj
c:\aeromap\lib\gdal-3.2.1\x64\debug\ogrcurve.obj
c:\aeromap\lib\gdal-3.2.1\x64\debug\ogrct.obj
c:\aeromap\lib\gdal-3.2.1\x64\debug\ogrcompoundcurve.obj
c:\aeromap\lib\gdal-3.2.1\x64\debug\ogrcircularstring.obj
c:\aeromap\lib\gdal-3.2.1\x64\debug\ograssemblepolygon.obj
c:\aeromap\lib\gdal-3.2.1\x64\debug\ograpispy.obj
c:\aeromap\lib\gdal-3.2.1\x64\debug\ogr_proj_p.obj
c:\aeromap\lib\gdal-3.2.1\x64\debug\ogr_geo_utils.obj
c:\aeromap\lib\gdal-3.2.1\x64\debug\ogr_geocoding.obj
c:\aeromap\lib\gdal-3.2.1\x64\debug\ogr_fromepsg.obj
c:\aeromap\lib\gdal-3.2.1\x64\debug\ogr_expat.obj
c:\aeromap\lib\gdal-3.2.1\x64\debug\ogr_api.obj
c:\aeromap\lib\gdal-3.2.1\x64\debug\ogrutils.obj
c:\aeromap\lib\gdal-3.2.1\x64\debug\ogrtriangulatedsurface.obj
c:\aeromap\lib\gdal-3.2.1\x64\debug\ogrtriangle.obj
c:\aeromap\lib\gdal-3.2.1\x64\debug\ogrsurface.obj
c:\aeromap\lib\gdal-3.2.1\x64\debug\ogrspatialreference.obj
c:\aeromap\lib\gdal-3.2.1\x64\debug\ogrpolyhedralsurface.obj
c:\aeromap\lib\gdal-3.2.1\x64\debug\ogrpolygon.obj
c:\aeromap\lib\gdal-3.2.1\x64\debug\ogrpoint.obj
c:\aeromap\lib\gdal-3.2.1\x64\debug\ogrpgeogeometry.obj
c:\aeromap\lib\gdal-3.2.1\x64\debug\ogrmultisurface.obj
c:\aeromap\lib\gdal-3.2.1\x64\debug\ogrmultipolygon.obj
c:\aeromap\lib\gdal-3.2.1\x64\debug\ogrmultipoint.obj
c:\aeromap\lib\gdal-3.2.1\x64\debug\ogrmultilinestring.obj
c:\aeromap\lib\gdal-3.2.1\x64\debug\ogrmulticurve.obj
c:\aeromap\lib\gdal-3.2.1\x64\debug\avc_binwr.obj
c:\aeromap\lib\gdal-3.2.1\x64\debug\avc_bin.obj
c:\aeromap\lib\gdal-3.2.1\x64\debug\ograrcgenlayer.obj
c:\aeromap\lib\gdal-3.2.1\x64\debug\ograrcgendriver.obj
c:\aeromap\lib\gdal-3.2.1\x64\debug\ograrcgendatasource.obj
c:\aeromap\lib\gdal-3.2.1\x64\debug\swq_select.obj
c:\aeromap\lib\gdal-3.2.1\x64\debug\swq_parser.obj
c:\aeromap\lib\gdal-3.2.1\x64\debug\swq_op_registrar.obj
c:\aeromap\lib\gdal-3.2.1\x64\debug\swq_op_general.obj
c:\aeromap\lib\gdal-3.2.1\x64\debug\swq_expr_node.obj
c:\aeromap\lib\gdal-3.2.1\x64\debug\swq.obj
c:\aeromap\lib\gdal-3.2.1\x64\debug\ogr_srs_xml.obj
c:\aeromap\lib\gdal-3.2.1\x64\debug\ogr_srs_usgs.obj
c:\aeromap\lib\gdal-3.2.1\x64\debug\ogr_srs_pci.obj
c:\aeromap\lib\gdal-3.2.1\x64\debug\ogr_srs_panorama.obj
c:\aeromap\lib\gdal-3.2.1\x64\debug\ogr_srs_ozi.obj
c:\aeromap\lib\gdal-3.2.1\x64\debug\ogr_srs_esri.obj
c:\aeromap\lib\gdal-3.2.1\x64\debug\ogr_srs_erm.obj
c:\aeromap\lib\gdal-3.2.1\x64\debug\ogr_srs_dict.obj
c:\aeromap\lib\gdal-3.2.1\x64\debug\ogr_srsnode.obj
c:\aeromap\lib\gdal-3.2.1\x64\debug\ogrcsvdatasource.obj
c:\aeromap\lib\gdal-3.2.1\x64\debug\ogrbnaparser.obj
c:\aeromap\lib\gdal-3.2.1\x64\debug\ogrbnalayer.obj
c:\aeromap\lib\gdal-3.2.1\x64\debug\ogrbnadriver.obj
c:\aeromap\lib\gdal-3.2.1\x64\debug\ogrbnadatasource.obj
c:\aeromap\lib\gdal-3.2.1\x64\debug\ogravclayer.obj
c:\aeromap\lib\gdal-3.2.1\x64\debug\ogravce00layer.obj
c:\aeromap\lib\gdal-3.2.1\x64\debug\ogravce00driver.obj
c:\aeromap\lib\gdal-3.2.1\x64\debug\ogravce00datasource.obj
c:\aeromap\lib\gdal-3.2.1\x64\debug\ogravcdatasource.obj
c:\aeromap\lib\gdal-3.2.1\x64\debug\ogravcbinlayer.obj
c:\aeromap\lib\gdal-3.2.1\x64\debug\ogravcbindriver.obj
c:\aeromap\lib\gdal-3.2.1\x64\debug\ogravcbindatasource.obj
c:\aeromap\lib\gdal-3.2.1\x64\debug\avc_rawbin.obj
c:\aeromap\lib\gdal-3.2.1\x64\debug\avc_misc.obj
c:\aeromap\lib\gdal-3.2.1\x64\debug\avc_mbyte.obj
c:\aeromap\lib\gdal-3.2.1\x64\debug\avc_e00write.obj
c:\aeromap\lib\gdal-3.2.1\x64\debug\avc_e00read.obj
c:\aeromap\lib\gdal-3.2.1\x64\debug\avc_e00parse.obj
c:\aeromap\lib\gdal-3.2.1\x64\debug\avc_e00gen.obj
c:\aeromap\lib\gdal-3.2.1\x64\debug\ogresrijsonreader.obj
c:\aeromap\lib\gdal-3.2.1\x64\debug\ogresrijsondriver.obj
c:\aeromap\lib\gdal-3.2.1\x64\debug\ogr_miattrind.obj
c:\aeromap\lib\gdal-3.2.1\x64\debug\ogr_gensql.obj
c:\aeromap\lib\gdal-3.2.1\x64\debug\ogr_attrind.obj
c:\aeromap\lib\gdal-3.2.1\x64\debug\ogrwarpedlayer.obj
c:\aeromap\lib\gdal-3.2.1\x64\debug\ogrunionlayer.obj
c:\aeromap\lib\gdal-3.2.1\x64\debug\ogrsfdriverregistrar.obj
c:\aeromap\lib\gdal-3.2.1\x64\debug\ogrsfdriver.obj
c:\aeromap\lib\gdal-3.2.1\x64\debug\ogrregisterall.obj
c:\aeromap\lib\gdal-3.2.1\x64\debug\ogrmutexedlayer.obj
c:\aeromap\lib\gdal-3.2.1\x64\debug\ogrmutexeddatasource.obj
c:\aeromap\lib\gdal-3.2.1\x64\debug\ogrlayerpool.obj
c:\aeromap\lib\gdal-3.2.1\x64\debug\ogrlayerdecorator.obj
c:\aeromap\lib\gdal-3.2.1\x64\debug\ogrlayer.obj
c:\aeromap\lib\gdal-3.2.1\x64\debug\ogremulatedtransaction.obj
c:\aeromap\lib\gdal-3.2.1\x64\debug\ogreditablelayer.obj
c:\aeromap\lib\gdal-3.2.1\x64\debug\ogrdatasource.obj
c:\aeromap\lib\gdal-3.2.1\x64\debug\ogrcsvlayer.obj
c:\aeromap\lib\gdal-3.2.1\x64\debug\ogrcsvdriver.obj
c:\aeromap\lib\gdal-3.2.1\x64\debug\mitab_bounds.obj
c:\aeromap\lib\gdal-3.2.1\x64\debug\ogrmemlayer.obj
c:\aeromap\lib\gdal-3.2.1\x64\debug\ogrmemdriver.obj
c:\aeromap\lib\gdal-3.2.1\x64\debug\ogrmemdatasource.obj
c:\aeromap\lib\gdal-3.2.1\x64\debug\ogrgtmlayer.obj
c:\aeromap\lib\gdal-3.2.1\x64\debug\ogrgtmdriver.obj
c:\aeromap\lib\gdal-3.2.1\x64\debug\ogrgtmdatasource.obj
c:\aeromap\lib\gdal-3.2.1\x64\debug\gtmwaypointlayer.obj
c:\aeromap\lib\gdal-3.2.1\x64\debug\gtmtracklayer.obj
c:\aeromap\lib\gdal-3.2.1\x64\debug\gtm.obj
c:\aeromap\lib\gdal-3.2.1\x64\debug\ogrtopojsonreader.obj
c:\aeromap\lib\gdal-3.2.1\x64\debug\ogrtopojsondriver.obj
c:\aeromap\lib\gdal-3.2.1\x64\debug\ogrgeojsonwriter.obj
c:\aeromap\lib\gdal-3.2.1\x64\debug\ogrgeojsonwritelayer.obj
c:\aeromap\lib\gdal-3.2.1\x64\debug\ogrgeojsonutils.obj
c:\aeromap\lib\gdal-3.2.1\x64\debug\ogrgeojsonseqdriver.obj
c:\aeromap\lib\gdal-3.2.1\x64\debug\ogrgeojsonreader.obj
c:\aeromap\lib\gdal-3.2.1\x64\debug\ogrgeojsonlayer.obj
c:\aeromap\lib\gdal-3.2.1\x64\debug\ogrgeojsondriver.obj
c:\aeromap\lib\gdal-3.2.1\x64\debug\ogrgeojsondatasource.obj
c:\aeromap\lib\gdal-3.2.1\x64\debug\mitab_spatialref.obj
c:\aeromap\lib\gdal-3.2.1\x64\debug\mitab_rawbinblock.obj
c:\aeromap\lib\gdal-3.2.1\x64\debug\mitab_ogr_driver.obj
c:\aeromap\lib\gdal-3.2.1\x64\debug\mitab_ogr_datasource.obj
c:\aeromap\lib\gdal-3.2.1\x64\debug\mitab_miffile.obj
c:\aeromap\lib\gdal-3.2.1\x64\debug\mitab_middatafile.obj
c:\aeromap\lib\gdal-3.2.1\x64\debug\mitab_maptoolblock.obj
c:\aeromap\lib\gdal-3.2.1\x64\debug\mitab_mapobjectblock.obj
c:\aeromap\lib\gdal-3.2.1\x64\debug\mitab_mapindexblock.obj
c:\aeromap\lib\gdal-3.2.1\x64\debug\mitab_mapheaderblock.obj
c:\aeromap\lib\gdal-3.2.1\x64\debug\mitab_mapfile.obj
c:\aeromap\lib\gdal-3.2.1\x64\debug\mitab_mapcoordblock.obj
c:\aeromap\lib\gdal-3.2.1\x64\debug\mitab_indfile.obj
c:\aeromap\lib\gdal-3.2.1\x64\debug\mitab_imapinfofile.obj
c:\aeromap\lib\gdal-3.2.1\x64\debug\mitab_idfile.obj
c:\aeromap\lib\gdal-3.2.1\x64\debug\mitab_geometry.obj
c:\aeromap\lib\gdal-3.2.1\x64\debug\mitab_feature_mif.obj
c:\aeromap\lib\gdal-3.2.1\x64\debug\mitab_feature.obj
c:\aeromap\lib\gdal-3.2.1\x64\debug\mitab_datfile.obj
c:\aeromap\lib\gdal-3.2.1\x64\debug\mitab_coordsys.obj
c:\aeromap\lib\gdal-3.2.1\x64\debug\ogrshapelayer.obj
c:\aeromap\lib\gdal-3.2.1\x64\debug\ogrshapedriver.obj
c:\aeromap\lib\gdal-3.2.1\x64\debug\ogrshapedatasource.obj
c:\aeromap\lib\gdal-3.2.1\x64\debug\ogrsdtslayer.obj
c:\aeromap\lib\gdal-3.2.1\x64\debug\ogrsdtsdriver.obj
c:\aeromap\lib\gdal-3.2.1\x64\debug\ogrsdtsdatasource.obj
c:\aeromap\lib\gdal-3.2.1\x64\debug\ogrreclayer.obj
c:\aeromap\lib\gdal-3.2.1\x64\debug\ogrrecdriver.obj
c:\aeromap\lib\gdal-3.2.1\x64\debug\ogrrecdatasource.obj
c:\aeromap\lib\gdal-3.2.1\x64\debug\ll_recio.obj
c:\aeromap\lib\gdal-3.2.1\x64\debug\ogropenfilegdblayer.obj
c:\aeromap\lib\gdal-3.2.1\x64\debug\ogropenfilegdbdriver.obj
c:\aeromap\lib\gdal-3.2.1\x64\debug\ogropenfilegdbdatasource.obj
c:\aeromap\lib\gdal-3.2.1\x64\debug\filegdbtable.obj
c:\aeromap\lib\gdal-3.2.1\x64\debug\filegdbindex.obj
c:\aeromap\lib\gdal-3.2.1\x64\debug\mitab_utils.obj
c:\aeromap\lib\gdal-3.2.1\x64\debug\mitab_tooldef.obj
c:\aeromap\lib\gdal-3.2.1\x64\debug\mitab_tabview.obj
c:\aeromap\lib\gdal-3.2.1\x64\debug\mitab_tabseamless.obj
c:\aeromap\lib\gdal-3.2.1\x64\debug\mitab_tabfile.obj
c:\aeromap\lib\gdal-3.2.1\x64\debug\cpl_json_streaming_parser.obj
c:\aeromap\lib\gdal-3.2.1\x64\debug\cpl_json.obj
c:\aeromap\lib\gdal-3.2.1\x64\debug\cpl_http.obj
c:\aeromap\lib\gdal-3.2.1\x64\debug\cpl_hash_set.obj
c:\aeromap\lib\gdal-3.2.1\x64\debug\cpl_getexecpath.obj
c:\aeromap\lib\gdal-3.2.1\x64\debug\cpl_findfile.obj
c:\aeromap\lib\gdal-3.2.1\x64\debug\cpl_error.obj
c:\aeromap\lib\gdal-3.2.1\x64\debug\cpl_csv.obj
c:\aeromap\lib\gdal-3.2.1\x64\debug\cpl_cpu_features.obj
c:\aeromap\lib\gdal-3.2.1\x64\debug\cpl_conv.obj
c:\aeromap\lib\gdal-3.2.1\x64\debug\cpl_base64.obj
c:\aeromap\lib\gdal-3.2.1\x64\debug\cpl_atomic_ops.obj
c:\aeromap\lib\gdal-3.2.1\x64\debug\cplstringlist.obj
c:\aeromap\lib\gdal-3.2.1\x64\debug\cplstring.obj
c:\aeromap\lib\gdal-3.2.1\x64\debug\cplkeywordparser.obj
c:\aeromap\lib\gdal-3.2.1\x64\debug\cplgetsymbol.obj
c:\aeromap\lib\gdal-3.2.1\x64\debug\ogrvrtlayer.obj
c:\aeromap\lib\gdal-3.2.1\x64\debug\ogrvrtdriver.obj
c:\aeromap\lib\gdal-3.2.1\x64\debug\ogrvrtdatasource.obj
c:\aeromap\lib\gdal-3.2.1\x64\debug\shape2ogr.obj
c:\aeromap\lib\gdal-3.2.1\x64\debug\cpl_strtod.obj
c:\aeromap\lib\gdal-3.2.1\x64\debug\cpl_string.obj
c:\aeromap\lib\gdal-3.2.1\x64\debug\cpl_spawn.obj
c:\aeromap\lib\gdal-3.2.1\x64\debug\cpl_sha256.obj
c:\aeromap\lib\gdal-3.2.1\x64\debug\cpl_sha1.obj
c:\aeromap\lib\gdal-3.2.1\x64\debug\cpl_recode_stub.obj
c:\aeromap\lib\gdal-3.2.1\x64\debug\cpl_recode_iconv.obj
c:\aeromap\lib\gdal-3.2.1\x64\debug\cpl_recode.obj
c:\aeromap\lib\gdal-3.2.1\x64\debug\cpl_quad_tree.obj
c:\aeromap\lib\gdal-3.2.1\x64\debug\cpl_progress.obj
c:\aeromap\lib\gdal-3.2.1\x64\debug\cpl_path.obj
c:\aeromap\lib\gdal-3.2.1\x64\debug\cpl_odbc.obj
c:\aeromap\lib\gdal-3.2.1\x64\debug\cpl_multiproc.obj
c:\aeromap\lib\gdal-3.2.1\x64\debug\cpl_minizip_zip.obj
c:\aeromap\lib\gdal-3.2.1\x64\debug\cpl_minizip_unzip.obj
c:\aeromap\lib\gdal-3.2.1\x64\debug\cpl_minizip_ioapi.obj
c:\aeromap\lib\gdal-3.2.1\x64\debug\cpl_minixml.obj
c:\aeromap\lib\gdal-3.2.1\x64\debug\cpl_md5.obj
c:\aeromap\lib\gdal-3.2.1\x64\debug\cpl_list.obj
c:\aeromap\lib\gdal-3.2.1\x64\debug\cpl_json_streaming_writer.obj
c:\aeromap\lib\gdal-3.2.1\x64\debug\cpl_vsil_sparsefile.obj
c:\aeromap\lib\gdal-3.2.1\x64\debug\cpl_vsil_s3.obj
c:\aeromap\lib\gdal-3.2.1\x64\debug\cpl_vsil_plugin.obj
c:\aeromap\lib\gdal-3.2.1\x64\debug\cpl_vsil_oss.obj
c:\aeromap\lib\gdal-3.2.1\x64\debug\cpl_vsil_hdfs.obj
c:\aeromap\lib\gdal-3.2.1\x64\debug\cpl_vsil_gzip.obj
c:\aeromap\lib\gdal-3.2.1\x64\debug\cpl_vsil_gs.obj
c:\aeromap\lib\gdal-3.2.1\x64\debug\cpl_vsil_curl_streaming.obj
c:\aeromap\lib\gdal-3.2.1\x64\debug\cpl_vsil_curl.obj
c:\aeromap\lib\gdal-3.2.1\x64\debug\cpl_vsil_crypt.obj
c:\aeromap\lib\gdal-3.2.1\x64\debug\cpl_vsil_cache.obj
c:\aeromap\lib\gdal-3.2.1\x64\debug\cpl_vsil_buffered_reader.obj
c:\aeromap\lib\gdal-3.2.1\x64\debug\cpl_vsil_az.obj
c:\aeromap\lib\gdal-3.2.1\x64\debug\cpl_vsil_abstract_archive.obj
c:\aeromap\lib\gdal-3.2.1\x64\debug\cpl_vsil.obj
c:\aeromap\lib\gdal-3.2.1\x64\debug\cpl_virtualmem.obj
c:\aeromap\lib\gdal-3.2.1\x64\debug\cpl_vax.obj
c:\aeromap\lib\gdal-3.2.1\x64\debug\cpl_userfaultfd.obj
c:\aeromap\lib\gdal-3.2.1\x64\debug\cpl_time.obj
c:\aeromap\lib\gdal-3.2.1\x64\debug\cpl_swift.obj
c:\aeromap\lib\gdal-3.2.1\x64\debug\lerc_c_api_impl.obj
c:\aeromap\lib\gdal-3.2.1\x64\debug\lerc2.obj
c:\aeromap\lib\gdal-3.2.1\x64\debug\lerc.obj
c:\aeromap\lib\gdal-3.2.1\x64\debug\huffman.obj
c:\aeromap\lib\gdal-3.2.1\x64\debug\bitstuffer2.obj
c:\aeromap\lib\gdal-3.2.1\x64\debug\bitmask.obj
c:\aeromap\lib\gdal-3.2.1\x64\debug\cpl_xml_validate.obj
c:\aeromap\lib\gdal-3.2.1\x64\debug\cpl_worker_thread_pool.obj
c:\aeromap\lib\gdal-3.2.1\x64\debug\cpl_vsi_mem.obj
c:\aeromap\lib\gdal-3.2.1\x64\debug\cpl_vsi_error.obj
c:\aeromap\lib\gdal-3.2.1\x64\debug\cpl_vsisimple.obj
c:\aeromap\lib\gdal-3.2.1\x64\debug\cpl_vsil_win32.obj
c:\aeromap\lib\gdal-3.2.1\x64\debug\cpl_vsil_webhdfs.obj
c:\aeromap\lib\gdal-3.2.1\x64\debug\cpl_vsil_uploadonclose.obj
c:\aeromap\lib\gdal-3.2.1\x64\debug\cpl_vsil_unix_stdio_64.obj
c:\aeromap\lib\gdal-3.2.1\x64\debug\cpl_vsil_tar.obj
c:\aeromap\lib\gdal-3.2.1\x64\debug\cpl_vsil_swift.obj
c:\aeromap\lib\gdal-3.2.1\x64\debug\cpl_vsil_subfile.obj
c:\aeromap\lib\gdal-3.2.1\x64\debug\cpl_vsil_stdout.obj
c:\aeromap\lib\gdal-3.2.1\x64\debug\cpl_vsil_stdin.obj
c:\aeromap\lib\gdal-3.2.1\x64\debug\btdataset.obj
c:\aeromap\lib\gdal-3.2.1\x64\debug\dteddataset.obj
c:\aeromap\lib\gdal-3.2.1\x64\debug\rle.obj
c:\aeromap\lib\gdal-3.2.1\x64\debug\aigopen.obj
c:\aeromap\lib\gdal-3.2.1\x64\debug\aigccitt.obj
c:\aeromap\lib\gdal-3.2.1\x64\debug\userprintf_rbox.obj
c:\aeromap\lib\gdal-3.2.1\x64\debug\userprintf.obj
c:\aeromap\lib\gdal-3.2.1\x64\debug\usermem.obj
c:\aeromap\lib\gdal-3.2.1\x64\debug\user.obj
c:\aeromap\lib\gdal-3.2.1\x64\debug\stat.obj
c:\aeromap\lib\gdal-3.2.1\x64\debug\rboxlib.obj
c:\aeromap\lib\gdal-3.2.1\x64\debug\random.obj
c:\aeromap\lib\gdal-3.2.1\x64\debug\qset.obj
c:\aeromap\lib\gdal-3.2.1\x64\debug\poly2.obj
c:\aeromap\lib\gdal-3.2.1\x64\debug\poly.obj
c:\aeromap\lib\gdal-3.2.1\x64\debug\merge.obj
c:\aeromap\lib\gdal-3.2.1\x64\debug\mem.obj
c:\aeromap\lib\gdal-3.2.1\x64\debug\libqhull.obj
c:\aeromap\lib\gdal-3.2.1\x64\debug\io.obj
c:\aeromap\lib\gdal-3.2.1\x64\debug\global.obj
c:\aeromap\lib\gdal-3.2.1\x64\debug\geom2.obj
c:\aeromap\lib\gdal-3.2.1\x64\debug\geom.obj
c:\aeromap\lib\gdal-3.2.1\x64\debug\delaunay.obj
c:\aeromap\lib\gdal-3.2.1\x64\debug\tif_aux.obj
c:\aeromap\lib\gdal-3.2.1\x64\debug\xtiff.obj
c:\aeromap\lib\gdal-3.2.1\x64\debug\geo_write.obj
c:\aeromap\lib\gdal-3.2.1\x64\debug\geo_trans.obj
c:\aeromap\lib\gdal-3.2.1\x64\debug\geo_tiffp.obj
c:\aeromap\lib\gdal-3.2.1\x64\debug\geo_simpletags.obj
c:\aeromap\lib\gdal-3.2.1\x64\debug\geo_set.obj
c:\aeromap\lib\gdal-3.2.1\x64\debug\geo_print.obj
c:\aeromap\lib\gdal-3.2.1\x64\debug\geo_normalize.obj
c:\aeromap\lib\gdal-3.2.1\x64\debug\geo_new.obj
c:\aeromap\lib\gdal-3.2.1\x64\debug\geo_names.obj
c:\aeromap\lib\gdal-3.2.1\x64\debug\geo_get.obj
c:\aeromap\lib\gdal-3.2.1\x64\debug\geo_free.obj
c:\aeromap\lib\gdal-3.2.1\x64\debug\geo_extra.obj
c:\aeromap\lib\gdal-3.2.1\x64\debug\geotiff_proj4.obj
c:\aeromap\lib\gdal-3.2.1\x64\debug\tif_lerc.obj
c:\aeromap\lib\gdal-3.2.1\x64\debug\tif_float.obj
c:\aeromap\lib\gdal-3.2.1\x64\debug\e00read.obj
c:\aeromap\lib\gdal-3.2.1\x64\debug\derivedlist.obj
c:\aeromap\lib\gdal-3.2.1\x64\debug\gridlib.obj
c:\aeromap\lib\gdal-3.2.1\x64\debug\tif_lzw.obj
c:\aeromap\lib\gdal-3.2.1\x64\debug\tif_lzma.obj
c:\aeromap\lib\gdal-3.2.1\x64\debug\tif_luv.obj
c:\aeromap\lib\gdal-3.2.1\x64\debug\tif_jpeg_12.obj
c:\aeromap\lib\gdal-3.2.1\x64\debug\tif_jpeg.obj
c:\aeromap\lib\gdal-3.2.1\x64\debug\tif_getimage.obj
c:\aeromap\lib\gdal-3.2.1\x64\debug\tif_flush.obj
c:\aeromap\lib\gdal-3.2.1\x64\debug\tif_fax3sm.obj
c:\aeromap\lib\gdal-3.2.1\x64\debug\tif_fax3.obj
c:\aeromap\lib\gdal-3.2.1\x64\debug\tif_extension.obj
c:\aeromap\lib\gdal-3.2.1\x64\debug\tif_error.obj
c:\aeromap\lib\gdal-3.2.1\x64\debug\tif_dumpmode.obj
c:\aeromap\lib\gdal-3.2.1\x64\debug\tif_dirwrite.obj
c:\aeromap\lib\gdal-3.2.1\x64\debug\tif_dirread.obj
c:\aeromap\lib\gdal-3.2.1\x64\debug\tif_dirinfo.obj
c:\aeromap\lib\gdal-3.2.1\x64\debug\tif_dir.obj
c:\aeromap\lib\gdal-3.2.1\x64\debug\tif_compress.obj
c:\aeromap\lib\gdal-3.2.1\x64\debug\tif_color.obj
c:\aeromap\lib\gdal-3.2.1\x64\debug\tif_codec.obj
c:\aeromap\lib\gdal-3.2.1\x64\debug\tif_close.obj
c:\aeromap\lib\gdal-3.2.1\x64\debug\jcapimin.obj
c:\aeromap\lib\gdal-3.2.1\x64\debug\tif_zstd.obj
c:\aeromap\lib\gdal-3.2.1\x64\debug\tif_zip.obj
c:\aeromap\lib\gdal-3.2.1\x64\debug\tif_write.obj
c:\aeromap\lib\gdal-3.2.1\x64\debug\tif_webp.obj
c:\aeromap\lib\gdal-3.2.1\x64\debug\tif_warning.obj
c:\aeromap\lib\gdal-3.2.1\x64\debug\tif_vsi.obj
c:\aeromap\lib\gdal-3.2.1\x64\debug\tif_version.obj
c:\aeromap\lib\gdal-3.2.1\x64\debug\tif_tile.obj
c:\aeromap\lib\gdal-3.2.1\x64\debug\tif_thunder.obj
c:\aeromap\lib\gdal-3.2.1\x64\debug\tif_swab.obj
c:\aeromap\lib\gdal-3.2.1\x64\debug\tif_strip.obj
c:\aeromap\lib\gdal-3.2.1\x64\debug\tif_read.obj
c:\aeromap\lib\gdal-3.2.1\x64\debug\tif_print.obj
c:\aeromap\lib\gdal-3.2.1\x64\debug\tif_predict.obj
c:\aeromap\lib\gdal-3.2.1\x64\debug\tif_pixarlog.obj
c:\aeromap\lib\gdal-3.2.1\x64\debug\tif_packbits.obj
c:\aeromap\lib\gdal-3.2.1\x64\debug\tif_open.obj
c:\aeromap\lib\gdal-3.2.1\x64\debug\tif_ojpeg.obj
c:\aeromap\lib\gdal-3.2.1\x64\debug\tif_next.obj
c:\aeromap\lib\gdal-3.2.1\x64\debug\jdcoefct.obj
c:\aeromap\lib\gdal-3.2.1\x64\debug\jdatasrc.obj
c:\aeromap\lib\gdal-3.2.1\x64\debug\jdatadst.obj
c:\aeromap\lib\gdal-3.2.1\x64\debug\jdapistd.obj
c:\aeromap\lib\gdal-3.2.1\x64\debug\jdapimin.obj
c:\aeromap\lib\gdal-3.2.1\x64\debug\jctrans.obj
c:\aeromap\lib\gdal-3.2.1\x64\debug\jcsample.obj
c:\aeromap\lib\gdal-3.2.1\x64\debug\jcprepct.obj
c:\aeromap\lib\gdal-3.2.1\x64\debug\jcphuff.obj
c:\aeromap\lib\gdal-3.2.1\x64\debug\jcparam.obj
c:\aeromap\lib\gdal-3.2.1\x64\debug\jcomapi.obj
c:\aeromap\lib\gdal-3.2.1\x64\debug\jcmaster.obj
c:\aeromap\lib\gdal-3.2.1\x64\debug\jcmarker.obj
c:\aeromap\lib\gdal-3.2.1\x64\debug\jcmainct.obj
c:\aeromap\lib\gdal-3.2.1\x64\debug\jcinit.obj
c:\aeromap\lib\gdal-3.2.1\x64\debug\jchuff.obj
c:\aeromap\lib\gdal-3.2.1\x64\debug\jcdctmgr.obj
c:\aeromap\lib\gdal-3.2.1\x64\debug\jccolor.obj
c:\aeromap\lib\gdal-3.2.1\x64\debug\jccoefct.obj
c:\aeromap\lib\gdal-3.2.1\x64\debug\jcapistd.obj
c:\aeromap\lib\gdal-3.2.1\x64\debug\jidctred.obj
c:\aeromap\lib\gdal-3.2.1\x64\debug\jidctint.obj
c:\aeromap\lib\gdal-3.2.1\x64\debug\jidctfst.obj
c:\aeromap\lib\gdal-3.2.1\x64\debug\jidctflt.obj
c:\aeromap\lib\gdal-3.2.1\x64\debug\jfdctint.obj
c:\aeromap\lib\gdal-3.2.1\x64\debug\jfdctfst.obj
c:\aeromap\lib\gdal-3.2.1\x64\debug\jfdctflt.obj
c:\aeromap\lib\gdal-3.2.1\x64\debug\jerror.obj
c:\aeromap\lib\gdal-3.2.1\x64\debug\jdtrans.obj
c:\aeromap\lib\gdal-3.2.1\x64\debug\jdsample.obj
c:\aeromap\lib\gdal-3.2.1\x64\debug\jdpostct.obj
c:\aeromap\lib\gdal-3.2.1\x64\debug\jdphuff.obj
c:\aeromap\lib\gdal-3.2.1\x64\debug\jdmerge.obj
c:\aeromap\lib\gdal-3.2.1\x64\debug\jdmaster.obj
c:\aeromap\lib\gdal-3.2.1\x64\debug\jdmarker.obj
c:\aeromap\lib\gdal-3.2.1\x64\debug\jdmainct.obj
c:\aeromap\lib\gdal-3.2.1\x64\debug\jdinput.obj
c:\aeromap\lib\gdal-3.2.1\x64\debug\jdhuff.obj
c:\aeromap\lib\gdal-3.2.1\x64\debug\jddctmgr.obj
c:\aeromap\lib\gdal-3.2.1\x64\debug\jdcolor.obj
c:\aeromap\lib\gdal-3.2.1\x64\debug\pngtrans.obj
c:\aeromap\lib\gdal-3.2.1\x64\debug\pngset.obj
c:\aeromap\lib\gdal-3.2.1\x64\debug\pngrutil.obj
c:\aeromap\lib\gdal-3.2.1\x64\debug\pngrtran.obj
c:\aeromap\lib\gdal-3.2.1\x64\debug\pngrio.obj
c:\aeromap\lib\gdal-3.2.1\x64\debug\pngread.obj
c:\aeromap\lib\gdal-3.2.1\x64\debug\pngpread.obj
c:\aeromap\lib\gdal-3.2.1\x64\debug\pngmem.obj
c:\aeromap\lib\gdal-3.2.1\x64\debug\pngget.obj
c:\aeromap\lib\gdal-3.2.1\x64\debug\pngerror.obj
c:\aeromap\lib\gdal-3.2.1\x64\debug\png.obj
c:\aeromap\lib\gdal-3.2.1\x64\debug\nitfimage.obj
c:\aeromap\lib\gdal-3.2.1\x64\debug\nitffile.obj
c:\aeromap\lib\gdal-3.2.1\x64\debug\nitfdes.obj
c:\aeromap\lib\gdal-3.2.1\x64\debug\mgrs.obj
c:\aeromap\lib\gdal-3.2.1\x64\debug\jutils.obj
c:\aeromap\lib\gdal-3.2.1\x64\debug\jquant2.obj
c:\aeromap\lib\gdal-3.2.1\x64\debug\jquant1.obj
c:\aeromap\lib\gdal-3.2.1\x64\debug\jmemmgr.obj
c:\aeromap\lib\gdal-3.2.1\x64\debug\jmemansi.obj
c:\aeromap\lib\gdal-3.2.1\x64\debug\json_object.obj
c:\aeromap\lib\gdal-3.2.1\x64\debug\json_c_version.obj
c:\aeromap\lib\gdal-3.2.1\x64\debug\debug.obj
c:\aeromap\lib\gdal-3.2.1\x64\debug\arraylist.obj
c:\aeromap\lib\gdal-3.2.1\x64\debug\zutil.obj
c:\aeromap\lib\gdal-3.2.1\x64\debug\uncompr.obj
c:\aeromap\lib\gdal-3.2.1\x64\debug\trees.obj
c:\aeromap\lib\gdal-3.2.1\x64\debug\inftrees.obj
c:\aeromap\lib\gdal-3.2.1\x64\debug\inflate.obj
c:\aeromap\lib\gdal-3.2.1\x64\debug\inffast.obj
c:\aeromap\lib\gdal-3.2.1\x64\debug\infback.obj
c:\aeromap\lib\gdal-3.2.1\x64\debug\gzio.obj
c:\aeromap\lib\gdal-3.2.1\x64\debug\deflate.obj
c:\aeromap\lib\gdal-3.2.1\x64\debug\crc32.obj
c:\aeromap\lib\gdal-3.2.1\x64\debug\compress.obj
c:\aeromap\lib\gdal-3.2.1\x64\debug\adler32.obj
c:\aeromap\lib\gdal-3.2.1\x64\debug\pngwutil.obj
c:\aeromap\lib\gdal-3.2.1\x64\debug\pngwtran.obj
c:\aeromap\lib\gdal-3.2.1\x64\debug\pngwrite.obj
c:\aeromap\lib\gdal-3.2.1\x64\debug\pngwio.obj
c:\aeromap\lib\gdal-3.2.1\x64\debug\dted_ptstream.obj
c:\aeromap\lib\gdal-3.2.1\x64\debug\dted_create.obj
c:\aeromap\lib\gdal-3.2.1\x64\debug\dted_api.obj
c:\aeromap\lib\gdal-3.2.1\x64\debug\shp_vsi.obj
c:\aeromap\lib\gdal-3.2.1\x64\debug\shptree_wrapper.obj
c:\aeromap\lib\gdal-3.2.1\x64\debug\shptree.obj
c:\aeromap\lib\gdal-3.2.1\x64\debug\shpopen_wrapper.obj
c:\aeromap\lib\gdal-3.2.1\x64\debug\shpopen.obj
c:\aeromap\lib\gdal-3.2.1\x64\debug\sbnsearch_wrapper.obj
c:\aeromap\lib\gdal-3.2.1\x64\debug\sbnsearch.obj
c:\aeromap\lib\gdal-3.2.1\x64\debug\dbfopen_wrapper.obj
c:\aeromap\lib\gdal-3.2.1\x64\debug\dbfopen.obj
c:\aeromap\lib\gdal-3.2.1\x64\debug\printbuf.obj
c:\aeromap\lib\gdal-3.2.1\x64\debug\linkhash.obj
c:\aeromap\lib\gdal-3.2.1\x64\debug\json_util.obj
c:\aeromap\lib\gdal-3.2.1\x64\debug\json_tokener.obj
c:\aeromap\lib\gdal-3.2.1\x64\debug\json_object_iterator.obj
c:\aeromap\lib\gdal-3.2.1\x64\debug\gdal.lib
c:\aeromap\lib\gdal-3.2.1\x64\debug\gdal.tlog\cl.command.1.tlog
c:\aeromap\lib\gdal-3.2.1\x64\debug\gdal.tlog\cl.read.1.tlog
c:\aeromap\lib\gdal-3.2.1\x64\debug\gdal.tlog\cl.write.1.tlog
c:\aeromap\lib\gdal-3.2.1\x64\debug\gdal.tlog\lib-link.read.1.tlog
c:\aeromap\lib\gdal-3.2.1\x64\debug\gdal.tlog\lib-link.write.1.tlog
c:\aeromap\lib\gdal-3.2.1\x64\debug\gdal.tlog\lib.command.1.tlog
