c:\aeromap\lib\laslib\lib\debug\laslib.pdb
c:\aeromap\lib\laslib\x64\debug\laswriter_wrl.obj
c:\aeromap\lib\laslib\x64\debug\laswriter_qfit.obj
c:\aeromap\lib\laslib\x64\debug\laswriter_bin.obj
c:\aeromap\lib\laslib\x64\debug\laswriter_las.obj
c:\aeromap\lib\laslib\x64\debug\lasreaderpipeon.obj
c:\aeromap\lib\laslib\x64\debug\lasreaderstored.obj
c:\aeromap\lib\laslib\x64\debug\lasreaderbuffered.obj
c:\aeromap\lib\laslib\x64\debug\lasreadermerged.obj
c:\aeromap\lib\laslib\x64\debug\lasreader_txt.obj
c:\aeromap\lib\laslib\x64\debug\lasreader_qfit.obj
c:\aeromap\lib\laslib\x64\debug\lasreader_ply.obj
c:\aeromap\lib\laslib\x64\debug\lasreader_dtm.obj
c:\aeromap\lib\laslib\x64\debug\lasreader_bil.obj
c:\aeromap\lib\laslib\x64\debug\lasreader_asc.obj
c:\aeromap\lib\laslib\x64\debug\lasreader_shp.obj
c:\aeromap\lib\laslib\x64\debug\lasreader_bin.obj
c:\aeromap\lib\laslib\x64\debug\lasreader_las.obj
c:\aeromap\lib\laslib\x64\debug\laswriter.obj
c:\aeromap\lib\laslib\x64\debug\lasignore.obj
c:\aeromap\lib\laslib\x64\debug\lasreader.obj
c:\aeromap\lib\laslib\x64\debug\integercompressor.obj
c:\aeromap\lib\laslib\x64\debug\laswriteitemcompressed_v4.obj
c:\aeromap\lib\laslib\x64\debug\laswriteitemcompressed_v3.obj
c:\aeromap\lib\laslib\x64\debug\laswriteitemcompressed_v2.obj
c:\aeromap\lib\laslib\x64\debug\laswriteitemcompressed_v1.obj
c:\aeromap\lib\laslib\x64\debug\laswritepoint.obj
c:\aeromap\lib\laslib\x64\debug\lasreaditemcompressed_v4.obj
c:\aeromap\lib\laslib\x64\debug\lasreaditemcompressed_v3.obj
c:\aeromap\lib\laslib\x64\debug\lasreaditemcompressed_v2.obj
c:\aeromap\lib\laslib\x64\debug\lasreaditemcompressed_v1.obj
c:\aeromap\lib\laslib\x64\debug\lasreadpoint.obj
c:\aeromap\lib\laslib\x64\debug\fopen_compressed.obj
c:\aeromap\lib\laslib\x64\debug\laskdtree.obj
c:\aeromap\lib\laslib\x64\debug\lastransform.obj
c:\aeromap\lib\laslib\x64\debug\lasfilter.obj
c:\aeromap\lib\laslib\x64\debug\lasutility.obj
c:\aeromap\lib\laslib\x64\debug\laswaveform13writer.obj
c:\aeromap\lib\laslib\x64\debug\laswaveform13reader.obj
c:\aeromap\lib\laslib\x64\debug\laswritercompatible.obj
c:\aeromap\lib\laslib\x64\debug\laswriter_txt.obj
c:\aeromap\lib\laslib\x64\debug\mydefs.obj
c:\aeromap\lib\laslib\x64\debug\laszip.obj
c:\aeromap\lib\laslib\x64\debug\lasinterval.obj
c:\aeromap\lib\laslib\x64\debug\lasquadtree.obj
c:\aeromap\lib\laslib\x64\debug\lasindex.obj
c:\aeromap\lib\laslib\x64\debug\arithmeticmodel.obj
c:\aeromap\lib\laslib\x64\debug\arithmeticencoder.obj
c:\aeromap\lib\laslib\x64\debug\arithmeticdecoder.obj
c:\aeromap\lib\laslib\x64\debug\laslib.lib
c:\aeromap\lib\laslib\x64\debug\laslib.pdb
c:\aeromap\lib\laslib\\x64\debug\laslib.pdb
c:\aeromap\lib\laslib\x64\debug\laslib.tlog\cl.command.1.tlog
c:\aeromap\lib\laslib\x64\debug\laslib.tlog\cl.read.1.tlog
c:\aeromap\lib\laslib\x64\debug\laslib.tlog\cl.write.1.tlog
c:\aeromap\lib\laslib\x64\debug\laslib.tlog\lib-link.read.1.tlog
c:\aeromap\lib\laslib\x64\debug\laslib.tlog\lib-link.write.1.tlog
c:\aeromap\lib\laslib\x64\debug\laslib.tlog\lib.command.1.tlog
