2025-09-19 15:40:31: Log file 'C:/AeroMap/AeroMap/Data/AeroMap.log' created.
2025-09-19 15:40:31: Loading C:/AeroMap/AeroMap/Data/test.aero ...
2025-09-19 15:40:32: C:/AeroMap/AeroMap/Data/test.aero loaded
2025-09-19 15:40:32: DroneWindow::initializeGL - Using GLEW: 2.2.0
2025-09-19 15:40:32: GLManager::Initialize - 
2025-09-19 15:40:32: DroneWindow::initializeGL - GLU_VERSION: 1.2.2.0 Microsoft Corporation
2025-09-19 15:40:32: DroneWindow::initializeGL - GLU_EXTENSIONS: GL_EXT_bgra
2025-09-19 15:40:32: DroneWindow::initializeGL - GL_MAX_ATTRIB_STACK_DEPTH: 16
2025-09-19 15:40:32: DroneWindow::initializeGL - GL_MAX_CLIENT_ATTRIB_STACK_DEPTH: 16
2025-09-19 15:40:32: DroneWindow::initializeGL - GL_MAX_CLIP_PLANES: 8
2025-09-19 15:40:32: DroneWindow::initializeGL - GL_MAX_EVAL_ORDER: 8
2025-09-19 15:40:32: DroneWindow::initializeGL - GL_MAX_LIGHTS: 8
2025-09-19 15:40:32: DroneWindow::initializeGL - GL_MAX_MODELVIEW_STACK_DEPTH: 32
2025-09-19 15:40:32: DroneWindow::initializeGL - GL_MAX_NAME_STACK_DEPTH: 128
2025-09-19 15:40:32: DroneWindow::initializeGL - GL_MAX_PIXEL_MAP_TABLE: 65536
2025-09-19 15:40:32: DroneWindow::initializeGL - GL_MAX_PROJECTION_STACK_DEPTH: 4
2025-09-19 15:40:32: DroneWindow::initializeGL - GL_MAX_TEXTURE_SIZE: 16384
2025-09-19 15:40:32: DroneWindow::initializeGL - GL_MAX_TEXTURE_STACK_DEPTH: 10
2025-09-19 15:40:32: DroneWindow::initializeGL - GL_MAX_VIEWPORT_DIMS: 16384x16384
2025-09-19 15:40:32: DroneWindow::initializeGL - GL Vendor    : NVIDIA Corporation
2025-09-19 15:40:32: DroneWindow::initializeGL - GL Renderer  : NVIDIA GeForce GTX 745/PCIe/SSE2
2025-09-19 15:40:32: DroneWindow::initializeGL - GL Version   : 4.6.0 NVIDIA 560.94
2025-09-19 15:40:32: DroneWindow::initializeGL - GL Version   : 4.6
2025-09-19 15:40:32: DroneWindow::initializeGL - GLSL Version : 4.60 NVIDIA
2025-09-19 15:40:32: ShaderGL::PrintActiveUniforms - ------------------------------------------------
2025-09-19 15:40:32: ShaderGL::PrintActiveUniforms -  Shader: SS
2025-09-19 15:40:32: ShaderGL::PrintActiveUniforms -  Location | Name
2025-09-19 15:40:32: ShaderGL::PrintActiveUniforms - ------------------------------------------------
2025-09-19 15:40:32: ShaderGL::PrintActiveUniforms -  0        | ProjectionMatrix
2025-09-19 15:40:32: ShaderGL::PrintActiveAttribs - ------------------------------------------------
2025-09-19 15:40:32: ShaderGL::PrintActiveAttribs -  Shader: SS
2025-09-19 15:40:32: ShaderGL::PrintActiveAttribs -  Index | Name
2025-09-19 15:40:32: ShaderGL::PrintActiveAttribs - ------------------------------------------------
2025-09-19 15:40:32: ShaderGL::PrintActiveAttribs -  1     | VertexColor
2025-09-19 15:40:32: ShaderGL::PrintActiveAttribs -  0     | VertexPosition
2025-09-19 15:40:32: ShaderGL::PrintActiveUniforms - ------------------------------------------------
2025-09-19 15:40:32: ShaderGL::PrintActiveUniforms -  Shader: Image
2025-09-19 15:40:32: ShaderGL::PrintActiveUniforms -  Location | Name
2025-09-19 15:40:32: ShaderGL::PrintActiveUniforms - ------------------------------------------------
2025-09-19 15:40:32: ShaderGL::PrintActiveUniforms -  0        | ProjectionMatrix
2025-09-19 15:40:32: ShaderGL::PrintActiveUniforms -  1        | xoff
2025-09-19 15:40:32: ShaderGL::PrintActiveUniforms -  2        | yoff
2025-09-19 15:40:32: ShaderGL::PrintActiveAttribs - ------------------------------------------------
2025-09-19 15:40:32: ShaderGL::PrintActiveAttribs -  Shader: Image
2025-09-19 15:40:32: ShaderGL::PrintActiveAttribs -  Index | Name
2025-09-19 15:40:32: ShaderGL::PrintActiveAttribs - ------------------------------------------------
2025-09-19 15:40:32: ShaderGL::PrintActiveAttribs -  1     | VertexColor
2025-09-19 15:40:32: ShaderGL::PrintActiveAttribs -  0     | VertexPosition
2025-09-19 15:41:26: Load dataset...
2025-09-19 15:41:26: OpenSFM...
2025-09-19 15:41:26: OpenSFM: Detect features...
2025-09-19 15:42:21: OpenSFM: Match features...
2025-09-19 15:43:20: OpenSFM: Create tracks...
2025-09-19 15:43:27: OpenSFM: Reconstruct...
2025-09-19 15:45:23: OpenSFM: Compute statistics...
2025-09-19 15:45:44: OpenSFM: Export geocoords...
2025-09-19 15:45:48: OpenSFM: Undistort...
2025-09-19 15:46:24: OpenSFM: Export visualsfm...
2025-09-19 15:46:28: OpenMVS...
2025-09-19 15:46:28: Exporting from OpenSFM...
2025-09-19 15:46:31: StageMVS::Run - Depthmap resolution set to: 500px
2025-09-19 15:46:31: Densify pass 1/2...
2025-09-19 15:54:15: Densify pass 2/2...
2025-09-19 15:55:20: Filter points...
2025-09-19 15:55:20: PointCloud::filter - Filtering 'D:/test_aero/cadastre/output/opensfm/undistorted/openmvs/scene_dense_dense_filtered.ply' (statistical, meanK 16, standard deviation 2.5)
2025-09-19 15:55:31: Mesh...
2025-09-19 15:55:31: Writing 2.5D mesh file: 'D:/test_aero/cadastre/output/mesh/mesh_25d.ply'
2025-09-19 15:55:31: StageMesh::CreateMesh25D - 2.5D DSM resolution: 0.07
2025-09-19 15:55:31: Mesh::create_25dmesh - Creating DSM for 2.5D mesh
2025-09-19 15:55:40: DEM::create_dem - Point cloud bounds are [minx: -361.988, maxx: 353.623] [miny: -312.522, maxy: 265.019]
2025-09-19 15:55:40: DEM::create_dem - DEM resolution is 10224x8251, max tile size is 4096, will split DEM generation into 9 tiles
2025-09-19 15:55:40: Processing tile 1/27...
2025-09-19 15:55:49: Processing tile 2/27...
2025-09-19 15:55:58: Processing tile 3/27...
2025-09-19 15:56:07: Processing tile 4/27...
2025-09-19 15:56:16: Processing tile 5/27...
2025-09-19 15:56:27: Processing tile 6/27...
2025-09-19 15:56:37: Processing tile 7/27...
2025-09-19 15:56:45: Processing tile 8/27...
2025-09-19 15:56:54: Processing tile 9/27...
2025-09-19 15:57:04: Processing tile 10/27...
2025-09-19 15:57:13: Processing tile 11/27...
2025-09-19 15:57:23: Processing tile 12/27...
2025-09-19 15:57:32: Processing tile 13/27...
2025-09-19 15:57:41: Processing tile 14/27...
2025-09-19 15:57:54: Processing tile 15/27...
2025-09-19 15:58:04: Processing tile 16/27...
2025-09-19 15:58:13: Processing tile 17/27...
2025-09-19 15:58:23: Processing tile 18/27...
2025-09-19 15:58:33: Processing tile 19/27...
2025-09-19 15:58:43: Processing tile 20/27...
2025-09-19 15:58:55: Processing tile 21/27...
2025-09-19 15:59:03: Processing tile 22/27...
2025-09-19 15:59:13: Processing tile 23/27...
2025-09-19 15:59:29: Processing tile 24/27...
2025-09-19 15:59:41: Processing tile 25/27...
2025-09-19 15:59:49: Processing tile 26/27...
2025-09-19 16:00:00: Processing tile 27/27...
2025-09-19 16:00:17: Mesh::dem_to_mesh_gridded - Creating mesh from DSM: 'D:/test_aero/cadastre/output/mesh/tmp/mesh_dsm.tif'
2025-09-19 16:01:21: Writing 3D mesh file: 'D:/test_aero/cadastre/output/mesh/mesh.ply'
2025-09-19 16:02:43: Texture...
2025-09-19 16:02:43: Writing MVS textured file: 'D:/test_aero/cadastre/output/texture/textured_model_geo.obj'
2025-09-19 16:04:50: Writing MVS textured file: 'D:/test_aero/cadastre/output/texture_25d/textured_model_geo.obj'
2025-09-19 16:05:46: Georeference...
2025-09-19 16:05:57: DEM...
2025-09-19 16:06:04: DEM::create_dem - Point cloud bounds are [minx: 321901.012, maxx: 322616.623] [miny: 5157669.478, maxy: 5158247.019]
2025-09-19 16:06:04: DEM::create_dem - DEM resolution is 14313x11551, max tile size is 4096, will split DEM generation into 16 tiles
2025-09-19 16:06:04: Processing tile 1/48...
2025-09-19 16:06:10: Processing tile 2/48...
2025-09-19 16:06:16: Processing tile 3/48...
2025-09-19 16:06:22: Processing tile 4/48...
2025-09-19 16:06:27: Processing tile 5/48...
2025-09-19 16:06:34: Processing tile 6/48...
2025-09-19 16:06:41: Processing tile 7/48...
2025-09-19 16:06:47: Processing tile 8/48...
2025-09-19 16:06:53: Processing tile 9/48...
2025-09-19 16:06:59: Processing tile 10/48...
2025-09-19 16:07:06: Processing tile 11/48...
2025-09-19 16:07:13: Processing tile 12/48...
2025-09-19 16:07:20: Processing tile 13/48...
2025-09-19 16:07:25: Processing tile 14/48...
2025-09-19 16:07:31: Processing tile 15/48...
2025-09-19 16:07:37: Processing tile 16/48...
2025-09-19 16:07:43: Processing tile 17/48...
2025-09-19 16:07:49: Processing tile 18/48...
2025-09-19 16:07:56: Processing tile 19/48...
2025-09-19 16:08:02: Processing tile 20/48...
2025-09-19 16:08:07: Processing tile 21/48...
2025-09-19 16:08:14: Processing tile 22/48...
2025-09-19 16:08:22: Processing tile 23/48...
2025-09-19 16:08:29: Processing tile 24/48...
2025-09-19 16:08:35: Processing tile 25/48...
2025-09-19 16:08:41: Processing tile 26/48...
2025-09-19 16:08:48: Processing tile 27/48...
2025-09-19 16:08:57: Processing tile 28/48...
2025-09-19 16:09:04: Processing tile 29/48...
2025-09-19 16:09:10: Processing tile 30/48...
2025-09-19 16:09:15: Processing tile 31/48...
2025-09-19 16:09:22: Processing tile 32/48...
2025-09-19 16:09:28: Processing tile 33/48...
2025-09-19 16:09:34: Processing tile 34/48...
2025-09-19 16:09:42: Processing tile 35/48...
2025-09-19 16:09:48: Processing tile 36/48...
2025-09-19 16:09:54: Processing tile 37/48...
2025-09-19 16:10:00: Processing tile 38/48...
2025-09-19 16:10:09: Processing tile 39/48...
2025-09-19 16:10:18: Processing tile 40/48...
2025-09-19 16:10:24: Processing tile 41/48...
2025-09-19 16:10:30: Processing tile 42/48...
2025-09-19 16:10:38: Processing tile 43/48...
2025-09-19 16:10:48: Processing tile 44/48...
2025-09-19 16:10:56: Processing tile 45/48...
2025-09-19 16:11:02: Processing tile 46/48...
2025-09-19 16:11:08: Processing tile 47/48...
2025-09-19 16:11:15: Processing tile 48/48...
2025-09-19 16:11:32: Cropper::crop - 'D:/test_aero/cadastre/output/georeference/georeferenced_model.bounds.gpkg' does not exist, will skip cropping.
2025-09-19 16:11:36: Orthophoto...
2025-09-19 16:11:56: Cropper::crop - 'D:/test_aero/cadastre/output/georeference/georeferenced_model.bounds.gpkg' does not exist, will skip cropping.
2025-09-19 16:11:56: Report...
2025-09-19 16:12:00: Drone image processing complete.
2025-09-19 16:12:35: GLManager::Shutdown - 
