c:\aeromap\lib\laszip\x64\debug\lasquadtree.obj
c:\aeromap\lib\laszip\x64\debug\laswriteitemcompressed_v2.obj
c:\aeromap\lib\laszip\x64\debug\lasindex.obj
c:\aeromap\lib\laszip\x64\debug\laswritepoint.obj
c:\aeromap\lib\laszip\x64\debug\integercompressor.obj
c:\aeromap\lib\laszip\x64\debug\lasreaditemcompressed_v2.obj
c:\aeromap\lib\laszip\x64\debug\laswriteitemcompressed_v3.obj
c:\aeromap\lib\laszip\x64\debug\lasinterval.obj
c:\aeromap\lib\laszip\x64\debug\arithmeticmodel.obj
c:\aeromap\lib\laszip\x64\debug\lasreaditemcompressed_v4.obj
c:\aeromap\lib\laszip\x64\debug\mydefs.obj
c:\aeromap\lib\laszip\x64\debug\lasreaditemcompressed_v1.obj
c:\aeromap\lib\laszip\x64\debug\lasreaditemcompressed_v3.obj
c:\aeromap\lib\laszip\x64\debug\laszip_dll.obj
c:\aeromap\lib\laszip\x64\debug\arithmeticencoder.obj
c:\aeromap\lib\laszip\x64\debug\lasreadpoint.obj
c:\aeromap\lib\laszip\x64\debug\laszip.obj
c:\aeromap\lib\laszip\x64\debug\arithmeticdecoder.obj
c:\aeromap\lib\laszip\x64\debug\laswriteitemcompressed_v1.obj
c:\aeromap\lib\laszip\x64\debug\laswriteitemcompressed_v4.obj
c:\aeromap\lib\laszip\x64\debug\laszip3.pdb
c:\aeromap\lib\laszip\x64\debug\laszip3.lib
c:\aeromap\lib\laszip\\x64\debug\laszip3.pdb
c:\aeromap\lib\laszip\x64\debug\laszip3.tlog\cl.10712.write.1.tlog
c:\aeromap\lib\laszip\x64\debug\laszip3.tlog\cl.command.1.tlog
c:\aeromap\lib\laszip\x64\debug\laszip3.tlog\cl.read.1.tlog
c:\aeromap\lib\laszip\x64\debug\laszip3.tlog\lib-link.read.1.tlog
c:\aeromap\lib\laszip\x64\debug\laszip3.tlog\lib-link.write.1.tlog
c:\aeromap\lib\laszip\x64\debug\laszip3.tlog\lib.command.1.tlog
